Mock Version: 6.3
ENTER ['do_with_status'](['bash', '--login', '-c', '/usr/bin/rpmbuild -bs --noclean --target x86_64 --nodeps /builddir/build/SPECS/xosview.spec'], chrootPath='/var/lib/mock/epel-9-almalinux-x86_64/root'env={'TERM': 'vt100', 'SHELL': '/bin/bash', 'HOME': '/builddir', 'HOSTNAME': 'mock', 'PATH': '/usr/bin:/bin:/usr/sbin:/sbin', 'PROMPT_COMMAND': 'printf "\\033]0;<mock-chroot>\\007"', 'PS1': '<mock-chroot> \\s-\\v\\$ ', 'LANG': 'C.UTF-8'}shell=Falselogger=<mockbuild.trace_decorator.getLog object at 0x7f2af34bbe80>timeout=0uid=0gid=135user='mockbuild'unshare_net=TrueprintOutput=Truenspawn_args=['--capability=cap_ipc_lock', '--bind=/tmp/mock-resolv.fqm1bdfd:/etc/resolv.conf', '--bind=/dev/mapper/control', '--bind=/dev/fuse', '--bind=/dev/loop-control', '--bind=/dev/loop0', '--bind=/dev/loop1', '--bind=/dev/loop2', '--bind=/dev/loop3', '--bind=/dev/loop4', '--bind=/dev/loop5', '--bind=/dev/loop6', '--bind=/dev/loop7', '--bind=/dev/loop8', '--bind=/dev/loop9', '--bind=/dev/loop10', '--bind=/dev/loop11'])
Using nspawn with args ['--capability=cap_ipc_lock', '--bind=/tmp/mock-resolv.fqm1bdfd:/etc/resolv.conf', '--bind=/dev/mapper/control', '--bind=/dev/fuse', '--bind=/dev/loop-control', '--bind=/dev/loop0', '--bind=/dev/loop1', '--bind=/dev/loop2', '--bind=/dev/loop3', '--bind=/dev/loop4', '--bind=/dev/loop5', '--bind=/dev/loop6', '--bind=/dev/loop7', '--bind=/dev/loop8', '--bind=/dev/loop9', '--bind=/dev/loop10', '--bind=/dev/loop11']
Executing command: ['/usr/bin/systemd-nspawn', '-q', '-M', '44cf08c92965435aa0d409e5c6c1edf0', '-D', '/var/lib/mock/epel-9-almalinux-x86_64/root', '-a', '-u', 'mockbuild', '--capability=cap_ipc_lock', '--bind=/tmp/mock-resolv.fqm1bdfd:/etc/resolv.conf', '--bind=/dev/mapper/control', '--bind=/dev/fuse', '--bind=/dev/loop-control', '--bind=/dev/loop0', '--bind=/dev/loop1', '--bind=/dev/loop2', '--bind=/dev/loop3', '--bind=/dev/loop4', '--bind=/dev/loop5', '--bind=/dev/loop6', '--bind=/dev/loop7', '--bind=/dev/loop8', '--bind=/dev/loop9', '--bind=/dev/loop10', '--bind=/dev/loop11', '--console=pipe', '--setenv=TERM=vt100', '--setenv=SHELL=/bin/bash', '--setenv=HOME=/builddir', '--setenv=HOSTNAME=mock', '--setenv=PATH=/usr/bin:/bin:/usr/sbin:/sbin', '--setenv=PROMPT_COMMAND=printf "\\033]0;<mock-chroot>\\007"', '--setenv=PS1=<mock-chroot> \\s-\\v\\$ ', '--setenv=LANG=C.UTF-8', '--resolv-conf=off', 'bash', '--login', '-c', '/usr/bin/rpmbuild -bs --noclean --target x86_64 --nodeps /builddir/build/SPECS/xosview.spec'] with env {'TERM': 'vt100', 'SHELL': '/bin/bash', 'HOME': '/builddir', 'HOSTNAME': 'mock', 'PATH': '/usr/bin:/bin:/usr/sbin:/sbin', 'PROMPT_COMMAND': 'printf "\\033]0;<mock-chroot>\\007"', 'PS1': '<mock-chroot> \\s-\\v\\$ ', 'LANG': 'C.UTF-8', 'SYSTEMD_NSPAWN_TMPFS_TMP': '0', 'SYSTEMD_SECCOMP': '0'} and shell False
Building target platforms: x86_64
Building for target x86_64
setting SOURCE_DATE_EPOCH=1611792000
Wrote: /builddir/build/SRPMS/xosview-1.23-2.el9.src.rpm
Child return code was: 0
ENTER ['do_with_status'](['bash', '--login', '-c', '/usr/bin/rpmbuild -bb --noclean --target x86_64 --nodeps /builddir/build/SPECS/xosview.spec'], chrootPath='/var/lib/mock/epel-9-almalinux-x86_64/root'env={'TERM': 'vt100', 'SHELL': '/bin/bash', 'HOME': '/builddir', 'HOSTNAME': 'mock', 'PATH': '/usr/bin:/bin:/usr/sbin:/sbin', 'PROMPT_COMMAND': 'printf "\\033]0;<mock-chroot>\\007"', 'PS1': '<mock-chroot> \\s-\\v\\$ ', 'LANG': 'C.UTF-8'}shell=Falselogger=<mockbuild.trace_decorator.getLog object at 0x7f2af34bbe80>timeout=0uid=0gid=135user='mockbuild'unshare_net=TrueprintOutput=Truenspawn_args=['--capability=cap_ipc_lock', '--bind=/tmp/mock-resolv.fqm1bdfd:/etc/resolv.conf', '--bind=/dev/mapper/control', '--bind=/dev/fuse', '--bind=/dev/loop-control', '--bind=/dev/loop0', '--bind=/dev/loop1', '--bind=/dev/loop2', '--bind=/dev/loop3', '--bind=/dev/loop4', '--bind=/dev/loop5', '--bind=/dev/loop6', '--bind=/dev/loop7', '--bind=/dev/loop8', '--bind=/dev/loop9', '--bind=/dev/loop10', '--bind=/dev/loop11'])
Using nspawn with args ['--capability=cap_ipc_lock', '--bind=/tmp/mock-resolv.fqm1bdfd:/etc/resolv.conf', '--bind=/dev/mapper/control', '--bind=/dev/fuse', '--bind=/dev/loop-control', '--bind=/dev/loop0', '--bind=/dev/loop1', '--bind=/dev/loop2', '--bind=/dev/loop3', '--bind=/dev/loop4', '--bind=/dev/loop5', '--bind=/dev/loop6', '--bind=/dev/loop7', '--bind=/dev/loop8', '--bind=/dev/loop9', '--bind=/dev/loop10', '--bind=/dev/loop11']
Executing command: ['/usr/bin/systemd-nspawn', '-q', '-M', '8722edc9a2504ad7bcded55d6ebb9a80', '-D', '/var/lib/mock/epel-9-almalinux-x86_64/root', '-a', '-u', 'mockbuild', '--capability=cap_ipc_lock', '--bind=/tmp/mock-resolv.fqm1bdfd:/etc/resolv.conf', '--bind=/dev/mapper/control', '--bind=/dev/fuse', '--bind=/dev/loop-control', '--bind=/dev/loop0', '--bind=/dev/loop1', '--bind=/dev/loop2', '--bind=/dev/loop3', '--bind=/dev/loop4', '--bind=/dev/loop5', '--bind=/dev/loop6', '--bind=/dev/loop7', '--bind=/dev/loop8', '--bind=/dev/loop9', '--bind=/dev/loop10', '--bind=/dev/loop11', '--console=pipe', '--setenv=TERM=vt100', '--setenv=SHELL=/bin/bash', '--setenv=HOME=/builddir', '--setenv=HOSTNAME=mock', '--setenv=PATH=/usr/bin:/bin:/usr/sbin:/sbin', '--setenv=PROMPT_COMMAND=printf "\\033]0;<mock-chroot>\\007"', '--setenv=PS1=<mock-chroot> \\s-\\v\\$ ', '--setenv=LANG=C.UTF-8', '--resolv-conf=off', 'bash', '--login', '-c', '/usr/bin/rpmbuild -bb --noclean --target x86_64 --nodeps /builddir/build/SPECS/xosview.spec'] with env {'TERM': 'vt100', 'SHELL': '/bin/bash', 'HOME': '/builddir', 'HOSTNAME': 'mock', 'PATH': '/usr/bin:/bin:/usr/sbin:/sbin', 'PROMPT_COMMAND': 'printf "\\033]0;<mock-chroot>\\007"', 'PS1': '<mock-chroot> \\s-\\v\\$ ', 'LANG': 'C.UTF-8', 'SYSTEMD_NSPAWN_TMPFS_TMP': '0', 'SYSTEMD_SECCOMP': '0'} and shell False
Building target platforms: x86_64
Building for target x86_64
setting SOURCE_DATE_EPOCH=1611792000
Executing(%prep): /bin/sh -e /var/tmp/rpm-tmp.Uy08TD
+ umask 022
+ cd /builddir/build/BUILD
+ cd /builddir/build/BUILD
+ rm -rf xosview-1.23
+ /usr/bin/gzip -dc /builddir/build/SOURCES/xosview-1.23.tar.gz
+ /usr/bin/tar -xof -
+ STATUS=0
+ '[' 0 -ne 0 ']'
+ cd xosview-1.23
+ /usr/bin/chmod -Rf a+rX,u+w,g-w,o-w .
+ /usr/bin/cat /builddir/build/SOURCES/xosview-1.11-app-def.patch
+ /usr/bin/patch -s --fuzz=0 --no-backup-if-mismatch
+ RPM_EC=0
++ jobs -p
+ exit 0
Executing(%build): /bin/sh -e /var/tmp/rpm-tmp.mRzSzV
+ umask 022
+ cd /builddir/build/BUILD
+ cd xosview-1.23
+ make -j2 'OPTFLAGS=-O2 -flto=auto -ffat-lto-objects -fexceptions -g -grecord-gcc-switches -pipe -Wall -Werror=format-security -Wp,-D_FORTIFY_SOURCE=2 -Wp,-D_GLIBCXX_ASSERTIONS -specs=/usr/lib/rpm/redhat/redhat-hardened-cc1 -fstack-protector-strong -specs=/usr/lib/rpm/redhat/redhat-annobin-cc1  -m64 -march=x86-64-v2 -mtune=generic -fasynchronous-unwind-tables -fstack-clash-protection -fcf-protection'
g++  -O2 -flto=auto -ffat-lto-objects -fexceptions -g -grecord-gcc-switches -pipe -Wall -Werror=format-security -Wp,-D_FORTIFY_SOURCE=2 -Wp,-D_GLIBCXX_ASSERTIONS -specs=/usr/lib/rpm/redhat/redhat-hardened-cc1 -fstack-protector-strong -specs=/usr/lib/rpm/redhat/redhat-annobin-cc1  -m64 -march=x86-64-v2 -mtune=generic -fasynchronous-unwind-tables -fstack-clash-protection -fcf-protection -I. -MMD -Ilinux/  -c -o Host.o Host.cc
g++ -Wno-write-strings -O2 -flto=auto -ffat-lto-objects -fexceptions -g -grecord-gcc-switches -pipe -Wall -Werror=format-security -Wp,-D_FORTIFY_SOURCE=2 -Wp,-D_GLIBCXX_ASSERTIONS -specs=/usr/lib/rpm/redhat/redhat-hardened-cc1 -fstack-protector-strong -specs=/usr/lib/rpm/redhat/redhat-annobin-cc1  -m64 -march=x86-64-v2 -mtune=generic -fasynchronous-unwind-tables -fstack-clash-protection -fcf-protection -I. -MMD -Ilinux/  -c -o Xrm.o Xrm.cc
In file included from /usr/include/string.h:519,
                 from Xrm.cc:9:
In function 'strncpy',
    inlined from 'Xrm::getResource(char const*) const' at Xrm.cc:82:12:
/usr/include/bits/string_fortified.h:95:34: warning: 'strncpy' specified bound 1024 equals destination size [-Wstringop-truncation]
   95 |   return __builtin___strncpy_chk (__dest, __src, __len,
      |          ~~~~~~~~~~~~~~~~~~~~~~~~^~~~~~~~~~~~~~~~~~~~~~
   96 |                                   __glibc_objsize (__dest));
      |                                   ~~~~~~~~~~~~~~~~~~~~~~~~~
Xrm.cc: In member function 'Xrm::getResource(char const*) const':
Xrm.cc:89:31: warning: '__snprintf_chk' output may be truncated before the last format character [-Wformat-truncation=]
   89 |     snprintf(fcn, 1024, "%s.%s", fcn_lower, rname);
      |                               ^
In file included from /usr/include/stdio.h:900,
                 from /usr/include/c++/11/cstdio:42,
                 from /usr/include/c++/11/ext/string_conversions.h:43,
                 from /usr/include/c++/11/bits/basic_string.h:6608,
                 from /usr/include/c++/11/string:55,
                 from /usr/include/c++/11/bits/locale_classes.h:40,
                 from /usr/include/c++/11/bits/ios_base.h:41,
                 from /usr/include/c++/11/ios:42,
                 from /usr/include/c++/11/ostream:38,
                 from /usr/include/c++/11/iostream:39,
                 from Xrm.h:12,
                 from Xrm.cc:7:
/usr/include/bits/stdio2.h:54:35: note: '__snprintf_chk' output 2 or more bytes (assuming 1025) into a destination of size 1024
   54 |   return __builtin___snprintf_chk (__s, __n, __USE_FORTIFY_LEVEL - 1,
      |          ~~~~~~~~~~~~~~~~~~~~~~~~~^~~~~~~~~~~~~~~~~~~~~~~~~~~~~~~~~~~
   55 |                                    __glibc_objsize (__s), __fmt,
      |                                    ~~~~~~~~~~~~~~~~~~~~~~~~~~~~~
   56 |                                    __va_arg_pack ());
      |                                    ~~~~~~~~~~~~~~~~~
g++  -O2 -flto=auto -ffat-lto-objects -fexceptions -g -grecord-gcc-switches -pipe -Wall -Werror=format-security -Wp,-D_FORTIFY_SOURCE=2 -Wp,-D_GLIBCXX_ASSERTIONS -specs=/usr/lib/rpm/redhat/redhat-hardened-cc1 -fstack-protector-strong -specs=/usr/lib/rpm/redhat/redhat-annobin-cc1  -m64 -march=x86-64-v2 -mtune=generic -fasynchronous-unwind-tables -fstack-clash-protection -fcf-protection -I. -MMD -Ilinux/  -c -o bitfieldmeter.o bitfieldmeter.cc
g++  -O2 -flto=auto -ffat-lto-objects -fexceptions -g -grecord-gcc-switches -pipe -Wall -Werror=format-security -Wp,-D_FORTIFY_SOURCE=2 -Wp,-D_GLIBCXX_ASSERTIONS -specs=/usr/lib/rpm/redhat/redhat-hardened-cc1 -fstack-protector-strong -specs=/usr/lib/rpm/redhat/redhat-annobin-cc1  -m64 -march=x86-64-v2 -mtune=generic -fasynchronous-unwind-tables -fstack-clash-protection -fcf-protection -I. -MMD -Ilinux/  -c -o bitmeter.o bitmeter.cc
awk -f defresources.awk Xdefaults > defaultstring.cc
g++  -O2 -flto=auto -ffat-lto-objects -fexceptions -g -grecord-gcc-switches -pipe -Wall -Werror=format-security -Wp,-D_FORTIFY_SOURCE=2 -Wp,-D_GLIBCXX_ASSERTIONS -specs=/usr/lib/rpm/redhat/redhat-hardened-cc1 -fstack-protector-strong -specs=/usr/lib/rpm/redhat/redhat-annobin-cc1  -m64 -march=x86-64-v2 -mtune=generic -fasynchronous-unwind-tables -fstack-clash-protection -fcf-protection -I. -MMD -Ilinux/  -c -o fieldmeter.o fieldmeter.cc
In file included from /usr/include/string.h:519,
                 from xwin.h:5,
                 from xosview.h:10,
                 from meter.h:10,
                 from bitfieldmeter.h:11,
                 from bitfieldmeter.cc:9:
In function 'strncpy',
    inlined from 'BitFieldMeter::setfieldlegend(char const*)' at bitfieldmeter.cc:367:10:
/usr/include/bits/string_fortified.h:95:34: warning: 'strncpy' output truncated before terminating nul copying as many bytes from a string as its length [-Wstringop-truncation]
   95 |   return __builtin___strncpy_chk (__dest, __src, __len,
      |          ~~~~~~~~~~~~~~~~~~~~~~~~^~~~~~~~~~~~~~~~~~~~~~
   96 |                                   __glibc_objsize (__dest));
      |                                   ~~~~~~~~~~~~~~~~~~~~~~~~~
bitfieldmeter.cc: In member function 'BitFieldMeter::setfieldlegend(char const*)':
bitfieldmeter.cc:365:19: note: length computed here
  365 |   int len = strlen(fieldlegend);
      |             ~~~~~~^~~~~~~~~~~~~
g++  -O2 -flto=auto -ffat-lto-objects -fexceptions -g -grecord-gcc-switches -pipe -Wall -Werror=format-security -Wp,-D_FORTIFY_SOURCE=2 -Wp,-D_GLIBCXX_ASSERTIONS -specs=/usr/lib/rpm/redhat/redhat-hardened-cc1 -fstack-protector-strong -specs=/usr/lib/rpm/redhat/redhat-annobin-cc1  -m64 -march=x86-64-v2 -mtune=generic -fasynchronous-unwind-tables -fstack-clash-protection -fcf-protection -I. -MMD -Ilinux/  -c -o fieldmeterdecay.o fieldmeterdecay.cc
g++  -O2 -flto=auto -ffat-lto-objects -fexceptions -g -grecord-gcc-switches -pipe -Wall -Werror=format-security -Wp,-D_FORTIFY_SOURCE=2 -Wp,-D_GLIBCXX_ASSERTIONS -specs=/usr/lib/rpm/redhat/redhat-hardened-cc1 -fstack-protector-strong -specs=/usr/lib/rpm/redhat/redhat-annobin-cc1  -m64 -march=x86-64-v2 -mtune=generic -fasynchronous-unwind-tables -fstack-clash-protection -fcf-protection -I. -MMD -Ilinux/  -c -o fieldmetergraph.o fieldmetergraph.cc
g++  -O2 -flto=auto -ffat-lto-objects -fexceptions -g -grecord-gcc-switches -pipe -Wall -Werror=format-security -Wp,-D_FORTIFY_SOURCE=2 -Wp,-D_GLIBCXX_ASSERTIONS -specs=/usr/lib/rpm/redhat/redhat-hardened-cc1 -fstack-protector-strong -specs=/usr/lib/rpm/redhat/redhat-annobin-cc1  -m64 -march=x86-64-v2 -mtune=generic -fasynchronous-unwind-tables -fstack-clash-protection -fcf-protection -I. -MMD -Ilinux/  -c -o llist.o llist.cc
llist.cc: In member function 'int LList::restore(int, FILE*)':
llist.cc:252:9: warning: ignoring return value of 'size_t fread(void*, size_t, size_t, FILE*)' declared with attribute 'warn_unused_result' [-Wunused-result]
  252 |   fread ( &i, sizeof ( int ), 1, fp );
      |   ~~~~~~^~~~~~~~~~~~~~~~~~~~~~~~~~~~~
g++  -O2 -flto=auto -ffat-lto-objects -fexceptions -g -grecord-gcc-switches -pipe -Wall -Werror=format-security -Wp,-D_FORTIFY_SOURCE=2 -Wp,-D_GLIBCXX_ASSERTIONS -specs=/usr/lib/rpm/redhat/redhat-hardened-cc1 -fstack-protector-strong -specs=/usr/lib/rpm/redhat/redhat-annobin-cc1  -m64 -march=x86-64-v2 -mtune=generic -fasynchronous-unwind-tables -fstack-clash-protection -fcf-protection -I. -MMD -Ilinux/  -c -o main.o main.cc
g++  -O2 -flto=auto -ffat-lto-objects -fexceptions -g -grecord-gcc-switches -pipe -Wall -Werror=format-security -Wp,-D_FORTIFY_SOURCE=2 -Wp,-D_GLIBCXX_ASSERTIONS -specs=/usr/lib/rpm/redhat/redhat-hardened-cc1 -fstack-protector-strong -specs=/usr/lib/rpm/redhat/redhat-annobin-cc1  -m64 -march=x86-64-v2 -mtune=generic -fasynchronous-unwind-tables -fstack-clash-protection -fcf-protection -I. -MMD -Ilinux/  -c -o meter.o meter.cc
g++  -O2 -flto=auto -ffat-lto-objects -fexceptions -g -grecord-gcc-switches -pipe -Wall -Werror=format-security -Wp,-D_FORTIFY_SOURCE=2 -Wp,-D_GLIBCXX_ASSERTIONS -specs=/usr/lib/rpm/redhat/redhat-hardened-cc1 -fstack-protector-strong -specs=/usr/lib/rpm/redhat/redhat-annobin-cc1  -m64 -march=x86-64-v2 -mtune=generic -fasynchronous-unwind-tables -fstack-clash-protection -fcf-protection -I. -MMD -Ilinux/  -c -o xosview.o xosview.cc
In file included from /usr/include/string.h:519,
                 from xwin.h:5,
                 from xosview.h:10,
                 from meter.h:10,
                 from meter.cc:7:
In function 'strncpy',
    inlined from 'Meter::title(char const*)' at meter.cc:44:10:
/usr/include/bits/string_fortified.h:95:34: warning: 'strncpy' output truncated before terminating nul copying as many bytes from a string as its length [-Wstringop-truncation]
   95 |   return __builtin___strncpy_chk (__dest, __src, __len,
      |          ~~~~~~~~~~~~~~~~~~~~~~~~^~~~~~~~~~~~~~~~~~~~~~
   96 |                                   __glibc_objsize (__dest));
      |                                   ~~~~~~~~~~~~~~~~~~~~~~~~~
meter.cc: In member function 'Meter::title(char const*)':
meter.cc:42:19: note: length computed here
   42 |   int len = strlen(title);
      |             ~~~~~~^~~~~~~
In file included from /usr/include/string.h:519,
                 from xwin.h:5,
                 from xosview.h:10,
                 from meter.h:10,
                 from meter.cc:7:
In function 'strncpy',
    inlined from 'Meter::legend(char const*)' at meter.cc:55:10:
/usr/include/bits/string_fortified.h:95:34: warning: 'strncpy' output truncated before terminating nul copying as many bytes from a string as its length [-Wstringop-truncation]
   95 |   return __builtin___strncpy_chk (__dest, __src, __len,
      |          ~~~~~~~~~~~~~~~~~~~~~~~~^~~~~~~~~~~~~~~~~~~~~~
   96 |                                   __glibc_objsize (__dest));
      |                                   ~~~~~~~~~~~~~~~~~~~~~~~~~
meter.cc: In member function 'Meter::legend(char const*)':
meter.cc:53:19: note: length computed here
   53 |   int len = strlen(legend);
      |             ~~~~~~^~~~~~~~
g++  -O2 -flto=auto -ffat-lto-objects -fexceptions -g -grecord-gcc-switches -pipe -Wall -Werror=format-security -Wp,-D_FORTIFY_SOURCE=2 -Wp,-D_GLIBCXX_ASSERTIONS -specs=/usr/lib/rpm/redhat/redhat-hardened-cc1 -fstack-protector-strong -specs=/usr/lib/rpm/redhat/redhat-annobin-cc1  -m64 -march=x86-64-v2 -mtune=generic -fasynchronous-unwind-tables -fstack-clash-protection -fcf-protection -I. -MMD -Ilinux/  -c -o xwin.o xwin.cc
xosview.cc: In member function 'XOSView::winname()':
xosview.cc:260:27: warning: '%s' directive output may be truncated writing up to 99 bytes into a region of size 92 [-Wformat-truncation=]
  260 |   snprintf( name, 100, "%s%s", NAME, host);
      |                           ^~         ~~~~
In file included from /usr/include/stdio.h:900,
                 from /usr/include/c++/11/cstdio:42,
                 from /usr/include/c++/11/ext/string_conversions.h:43,
                 from /usr/include/c++/11/bits/basic_string.h:6608,
                 from /usr/include/c++/11/string:55,
                 from /usr/include/c++/11/bits/locale_classes.h:40,
                 from /usr/include/c++/11/bits/ios_base.h:41,
                 from /usr/include/c++/11/ios:42,
                 from /usr/include/c++/11/ostream:38,
                 from /usr/include/c++/11/iostream:39,
                 from Xrm.h:12,
                 from xwin.h:4,
                 from xosview.h:10,
                 from xosview.cc:7:
/usr/include/bits/stdio2.h:54:35: note: '__snprintf_chk' output between 9 and 108 bytes into a destination of size 100
   54 |   return __builtin___snprintf_chk (__s, __n, __USE_FORTIFY_LEVEL - 1,
      |          ~~~~~~~~~~~~~~~~~~~~~~~~~^~~~~~~~~~~~~~~~~~~~~~~~~~~~~~~~~~~
   55 |                                    __glibc_objsize (__s), __fmt,
      |                                    ~~~~~~~~~~~~~~~~~~~~~~~~~~~~~
   56 |                                    __va_arg_pack ());
      |                                    ~~~~~~~~~~~~~~~~~
In file included from /usr/include/string.h:519,
                 from xwin.h:5,
                 from xosview.h:10,
                 from xosview.cc:7:
In function 'strncpy',
    inlined from 'XWin::setDisplayName(char const*)' at xwin.h:143:5,
    inlined from 'XOSView::XOSView(char const*, int, char**)' at xosview.cc:69:18:
/usr/include/bits/string_fortified.h:95:34: warning: 'strncpy' specified bound 256 equals destination size [-Wstringop-truncation]
   95 |   return __builtin___strncpy_chk (__dest, __src, __len,
      |          ~~~~~~~~~~~~~~~~~~~~~~~~^~~~~~~~~~~~~~~~~~~~~~
   96 |                                   __glibc_objsize (__dest));
      |                                   ~~~~~~~~~~~~~~~~~~~~~~~~~
xosview.cc: In member function 'XOSView::XOSView(char const*, int, char**)':
xosview.cc:260:27: warning: '%s' directive output may be truncated writing up to 99 bytes into a region of size 92 [-Wformat-truncation=]
  260 |   snprintf( name, 100, "%s%s", NAME, host);
      |                           ^~         ~~~~
In file included from /usr/include/stdio.h:900,
                 from /usr/include/c++/11/cstdio:42,
                 from /usr/include/c++/11/ext/string_conversions.h:43,
                 from /usr/include/c++/11/bits/basic_string.h:6608,
                 from /usr/include/c++/11/string:55,
                 from /usr/include/c++/11/bits/locale_classes.h:40,
                 from /usr/include/c++/11/bits/ios_base.h:41,
                 from /usr/include/c++/11/ios:42,
                 from /usr/include/c++/11/ostream:38,
                 from /usr/include/c++/11/iostream:39,
                 from Xrm.h:12,
                 from xwin.h:4,
                 from xosview.h:10,
                 from xosview.cc:7:
/usr/include/bits/stdio2.h:54:35: note: '__snprintf_chk' output between 9 and 108 bytes into a destination of size 100
   54 |   return __builtin___snprintf_chk (__s, __n, __USE_FORTIFY_LEVEL - 1,
      |          ~~~~~~~~~~~~~~~~~~~~~~~~~^~~~~~~~~~~~~~~~~~~~~~~~~~~~~~~~~~~
   55 |                                    __glibc_objsize (__s), __fmt,
      |                                    ~~~~~~~~~~~~~~~~~~~~~~~~~~~~~
   56 |                                    __va_arg_pack ());
      |                                    ~~~~~~~~~~~~~~~~~
xosview.cc:260:27: warning: '%s' directive output may be truncated writing up to 99 bytes into a region of size 92 [-Wformat-truncation=]
  260 |   snprintf( name, 100, "%s%s", NAME, host);
      |                           ^~         ~~~~
In file included from /usr/include/stdio.h:900,
                 from /usr/include/c++/11/cstdio:42,
                 from /usr/include/c++/11/ext/string_conversions.h:43,
                 from /usr/include/c++/11/bits/basic_string.h:6608,
                 from /usr/include/c++/11/string:55,
                 from /usr/include/c++/11/bits/locale_classes.h:40,
                 from /usr/include/c++/11/bits/ios_base.h:41,
                 from /usr/include/c++/11/ios:42,
                 from /usr/include/c++/11/ostream:38,
                 from /usr/include/c++/11/iostream:39,
                 from Xrm.h:12,
                 from xwin.h:4,
                 from xosview.h:10,
                 from xosview.cc:7:
/usr/include/bits/stdio2.h:54:35: note: '__snprintf_chk' output between 9 and 108 bytes into a destination of size 100
   54 |   return __builtin___snprintf_chk (__s, __n, __USE_FORTIFY_LEVEL - 1,
      |          ~~~~~~~~~~~~~~~~~~~~~~~~~^~~~~~~~~~~~~~~~~~~~~~~~~~~~~~~~~~~
   55 |                                    __glibc_objsize (__s), __fmt,
      |                                    ~~~~~~~~~~~~~~~~~~~~~~~~~~~~~
   56 |                                    __va_arg_pack ());
      |                                    ~~~~~~~~~~~~~~~~~
g++  -O2 -flto=auto -ffat-lto-objects -fexceptions -g -grecord-gcc-switches -pipe -Wall -Werror=format-security -Wp,-D_FORTIFY_SOURCE=2 -Wp,-D_GLIBCXX_ASSERTIONS -specs=/usr/lib/rpm/redhat/redhat-hardened-cc1 -fstack-protector-strong -specs=/usr/lib/rpm/redhat/redhat-annobin-cc1  -m64 -march=x86-64-v2 -mtune=generic -fasynchronous-unwind-tables -fstack-clash-protection -fcf-protection -I. -MMD -Ilinux/  -c -o sensorfieldmeter.o sensorfieldmeter.cc
g++  -O2 -flto=auto -ffat-lto-objects -fexceptions -g -grecord-gcc-switches -pipe -Wall -Werror=format-security -Wp,-D_FORTIFY_SOURCE=2 -Wp,-D_GLIBCXX_ASSERTIONS -specs=/usr/lib/rpm/redhat/redhat-hardened-cc1 -fstack-protector-strong -specs=/usr/lib/rpm/redhat/redhat-annobin-cc1  -m64 -march=x86-64-v2 -mtune=generic -fasynchronous-unwind-tables -fstack-clash-protection -fcf-protection -I. -MMD -Ilinux/  -c -o linux/MeterMaker.o linux/MeterMaker.cc
g++  -O2 -flto=auto -ffat-lto-objects -fexceptions -g -grecord-gcc-switches -pipe -Wall -Werror=format-security -Wp,-D_FORTIFY_SOURCE=2 -Wp,-D_GLIBCXX_ASSERTIONS -specs=/usr/lib/rpm/redhat/redhat-hardened-cc1 -fstack-protector-strong -specs=/usr/lib/rpm/redhat/redhat-annobin-cc1  -m64 -march=x86-64-v2 -mtune=generic -fasynchronous-unwind-tables -fstack-clash-protection -fcf-protection -I. -MMD -Ilinux/  -c -o linux/btrymeter.o linux/btrymeter.cc
linux/MeterMaker.cc: In member function 'MeterMaker::makeMeters()':
linux/MeterMaker.cc:217:31: warning: '%d' directive output may be truncated writing between 1 and 10 bytes into a region of size 9 [-Wformat-truncation=]
  217 |       snprintf(s, 16, "lmstemp%d", i);
      |                               ^~
linux/MeterMaker.cc:217:23: note: directive argument in the range [1, 2147483647]
  217 |       snprintf(s, 16, "lmstemp%d", i);
      |                       ^~~~~~~~~~~
In file included from /usr/include/stdio.h:900,
                 from ./llist.h:10,
                 from ./pllist.h:10,
                 from linux/MeterMaker.h:10,
                 from linux/MeterMaker.cc:7:
/usr/include/bits/stdio2.h:54:35: note: '__snprintf_chk' output between 9 and 18 bytes into a destination of size 16
   54 |   return __builtin___snprintf_chk (__s, __n, __USE_FORTIFY_LEVEL - 1,
      |          ~~~~~~~~~~~~~~~~~~~~~~~~~^~~~~~~~~~~~~~~~~~~~~~~~~~~~~~~~~~~
   55 |                                    __glibc_objsize (__s), __fmt,
      |                                    ~~~~~~~~~~~~~~~~~~~~~~~~~~~~~
   56 |                                    __va_arg_pack ());
      |                                    ~~~~~~~~~~~~~~~~~
linux/MeterMaker.cc:221:31: warning: '%d' directive output may be truncated writing between 1 and 10 bytes into a region of size 9 [-Wformat-truncation=]
  221 |       snprintf(s, 16, "lmshigh%d", i);
      |                               ^~
linux/MeterMaker.cc:221:23: note: directive argument in the range [1, 2147483647]
  221 |       snprintf(s, 16, "lmshigh%d", i);
      |                       ^~~~~~~~~~~
In file included from /usr/include/stdio.h:900,
                 from ./llist.h:10,
                 from ./pllist.h:10,
                 from linux/MeterMaker.h:10,
                 from linux/MeterMaker.cc:7:
/usr/include/bits/stdio2.h:54:35: note: '__snprintf_chk' output between 9 and 18 bytes into a destination of size 16
   54 |   return __builtin___snprintf_chk (__s, __n, __USE_FORTIFY_LEVEL - 1,
      |          ~~~~~~~~~~~~~~~~~~~~~~~~~^~~~~~~~~~~~~~~~~~~~~~~~~~~~~~~~~~~
   55 |                                    __glibc_objsize (__s), __fmt,
      |                                    ~~~~~~~~~~~~~~~~~~~~~~~~~~~~~
   56 |                                    __va_arg_pack ());
      |                                    ~~~~~~~~~~~~~~~~~
linux/MeterMaker.cc:223:32: warning: '__snprintf_chk' output may be truncated before the last format character [-Wformat-truncation=]
  223 |       snprintf(s, 16, "lmslow%d", i);
      |                                ^
In file included from /usr/include/stdio.h:900,
                 from ./llist.h:10,
                 from ./pllist.h:10,
                 from linux/MeterMaker.h:10,
                 from linux/MeterMaker.cc:7:
/usr/include/bits/stdio2.h:54:35: note: '__snprintf_chk' output between 8 and 17 bytes into a destination of size 16
   54 |   return __builtin___snprintf_chk (__s, __n, __USE_FORTIFY_LEVEL - 1,
      |          ~~~~~~~~~~~~~~~~~~~~~~~~~^~~~~~~~~~~~~~~~~~~~~~~~~~~~~~~~~~~
   55 |                                    __glibc_objsize (__s), __fmt,
      |                                    ~~~~~~~~~~~~~~~~~~~~~~~~~~~~~
   56 |                                    __va_arg_pack ());
      |                                    ~~~~~~~~~~~~~~~~~
linux/MeterMaker.cc:225:31: warning: '%d' directive output may be truncated writing between 1 and 10 bytes into a region of size 9 [-Wformat-truncation=]
  225 |       snprintf(s, 16, "lmsname%d", i);
      |                               ^~
linux/MeterMaker.cc:225:23: note: directive argument in the range [1, 2147483647]
  225 |       snprintf(s, 16, "lmsname%d", i);
      |                       ^~~~~~~~~~~
In file included from /usr/include/stdio.h:900,
                 from ./llist.h:10,
                 from ./pllist.h:10,
                 from linux/MeterMaker.h:10,
                 from linux/MeterMaker.cc:7:
/usr/include/bits/stdio2.h:54:35: note: '__snprintf_chk' output between 9 and 18 bytes into a destination of size 16
   54 |   return __builtin___snprintf_chk (__s, __n, __USE_FORTIFY_LEVEL - 1,
      |          ~~~~~~~~~~~~~~~~~~~~~~~~~^~~~~~~~~~~~~~~~~~~~~~~~~~~~~~~~~~~
   55 |                                    __glibc_objsize (__s), __fmt,
      |                                    ~~~~~~~~~~~~~~~~~~~~~~~~~~~~~
   56 |                                    __va_arg_pack ());
      |                                    ~~~~~~~~~~~~~~~~~
linux/MeterMaker.cc:227:36: warning: '%d' directive output may be truncated writing between 1 and 10 bytes into a region of size 4 [-Wformat-truncation=]
  227 |       snprintf(s, 16, "lmstempLabel%d", i);
      |                                    ^~
linux/MeterMaker.cc:227:23: note: directive argument in the range [1, 2147483647]
  227 |       snprintf(s, 16, "lmstempLabel%d", i);
      |                       ^~~~~~~~~~~~~~~~
In file included from /usr/include/stdio.h:900,
                 from ./llist.h:10,
                 from ./pllist.h:10,
                 from linux/MeterMaker.h:10,
                 from linux/MeterMaker.cc:7:
/usr/include/bits/stdio2.h:54:35: note: '__snprintf_chk' output between 14 and 23 bytes into a destination of size 16
   54 |   return __builtin___snprintf_chk (__s, __n, __USE_FORTIFY_LEVEL - 1,
      |          ~~~~~~~~~~~~~~~~~~~~~~~~~^~~~~~~~~~~~~~~~~~~~~~~~~~~~~~~~~~~
   55 |                                    __glibc_objsize (__s), __fmt,
      |                                    ~~~~~~~~~~~~~~~~~~~~~~~~~~~~~
   56 |                                    __va_arg_pack ());
      |                                    ~~~~~~~~~~~~~~~~~
linux/MeterMaker.cc:240:32: warning: '%d' directive output may be truncated writing between 1 and 10 bytes into a region of size 8 [-Wformat-truncation=]
  240 |       snprintf(s, 16, "acpitemp%d", i);
      |                                ^~
linux/MeterMaker.cc:240:23: note: directive argument in the range [1, 2147483647]
  240 |       snprintf(s, 16, "acpitemp%d", i);
      |                       ^~~~~~~~~~~~
In file included from /usr/include/stdio.h:900,
                 from ./llist.h:10,
                 from ./pllist.h:10,
                 from linux/MeterMaker.h:10,
                 from linux/MeterMaker.cc:7:
/usr/include/bits/stdio2.h:54:35: note: '__snprintf_chk' output between 10 and 19 bytes into a destination of size 16
   54 |   return __builtin___snprintf_chk (__s, __n, __USE_FORTIFY_LEVEL - 1,
      |          ~~~~~~~~~~~~~~~~~~~~~~~~~^~~~~~~~~~~~~~~~~~~~~~~~~~~~~~~~~~~
   55 |                                    __glibc_objsize (__s), __fmt,
      |                                    ~~~~~~~~~~~~~~~~~~~~~~~~~~~~~
   56 |                                    __va_arg_pack ());
      |                                    ~~~~~~~~~~~~~~~~~
linux/MeterMaker.cc:244:32: warning: '%d' directive output may be truncated writing between 1 and 10 bytes into a region of size 8 [-Wformat-truncation=]
  244 |       snprintf(s, 16, "acpihigh%d", i);
      |                                ^~
linux/MeterMaker.cc:244:23: note: directive argument in the range [1, 2147483647]
  244 |       snprintf(s, 16, "acpihigh%d", i);
      |                       ^~~~~~~~~~~~
In file included from /usr/include/stdio.h:900,
                 from ./llist.h:10,
                 from ./pllist.h:10,
                 from linux/MeterMaker.h:10,
                 from linux/MeterMaker.cc:7:
/usr/include/bits/stdio2.h:54:35: note: '__snprintf_chk' output between 10 and 19 bytes into a destination of size 16
   54 |   return __builtin___snprintf_chk (__s, __n, __USE_FORTIFY_LEVEL - 1,
      |          ~~~~~~~~~~~~~~~~~~~~~~~~~^~~~~~~~~~~~~~~~~~~~~~~~~~~~~~~~~~~
   55 |                                    __glibc_objsize (__s), __fmt,
      |                                    ~~~~~~~~~~~~~~~~~~~~~~~~~~~~~
   56 |                                    __va_arg_pack ());
      |                                    ~~~~~~~~~~~~~~~~~
linux/MeterMaker.cc:248:37: warning: '%d' directive output may be truncated writing between 1 and 10 bytes into a region of size 3 [-Wformat-truncation=]
  248 |       snprintf(s, 16, "acpitempLabel%d", i);
      |                                     ^~
linux/MeterMaker.cc:248:23: note: directive argument in the range [1, 2147483647]
  248 |       snprintf(s, 16, "acpitempLabel%d", i);
      |                       ^~~~~~~~~~~~~~~~~
In file included from /usr/include/stdio.h:900,
                 from ./llist.h:10,
                 from ./pllist.h:10,
                 from linux/MeterMaker.h:10,
                 from linux/MeterMaker.cc:7:
/usr/include/bits/stdio2.h:54:35: note: '__snprintf_chk' output between 15 and 24 bytes into a destination of size 16
   54 |   return __builtin___snprintf_chk (__s, __n, __USE_FORTIFY_LEVEL - 1,
      |          ~~~~~~~~~~~~~~~~~~~~~~~~~^~~~~~~~~~~~~~~~~~~~~~~~~~~~~~~~~~~
   55 |                                    __glibc_objsize (__s), __fmt,
      |                                    ~~~~~~~~~~~~~~~~~~~~~~~~~~~~~
   56 |                                    __va_arg_pack ());
      |                                    ~~~~~~~~~~~~~~~~~
g++  -O2 -flto=auto -ffat-lto-objects -fexceptions -g -grecord-gcc-switches -pipe -Wall -Werror=format-security -Wp,-D_FORTIFY_SOURCE=2 -Wp,-D_GLIBCXX_ASSERTIONS -specs=/usr/lib/rpm/redhat/redhat-hardened-cc1 -fstack-protector-strong -specs=/usr/lib/rpm/redhat/redhat-annobin-cc1  -m64 -march=x86-64-v2 -mtune=generic -fasynchronous-unwind-tables -fstack-clash-protection -fcf-protection -I. -MMD -Ilinux/  -c -o linux/cpumeter.o linux/cpumeter.cc
linux/btrymeter.cc: In function 'BtryMeter::has_syspower()':
linux/btrymeter.cc:128:31: warning: '%s' directive output may be truncated writing up to 255 bytes into a region of size 56 [-Wformat-truncation=]
  128 |     snprintf(dirname, 80, "%s/%s", SYSPOWERDIR, dp->d_name);
      |                               ^~
In file included from /usr/include/stdio.h:900,
                 from /usr/include/c++/11/cstdio:42,
                 from /usr/include/c++/11/ext/string_conversions.h:43,
                 from /usr/include/c++/11/bits/basic_string.h:6608,
                 from /usr/include/c++/11/string:55,
                 from /usr/include/c++/11/bits/locale_classes.h:40,
                 from /usr/include/c++/11/bits/ios_base.h:41,
                 from /usr/include/c++/11/ios:42,
                 from /usr/include/c++/11/ostream:38,
                 from /usr/include/c++/11/iostream:39,
                 from ./Xrm.h:12,
                 from ./xwin.h:4,
                 from ./xosview.h:10,
                 from ./meter.h:10,
                 from ./fieldmeter.h:10,
                 from linux/btrymeter.h:10,
                 from linux/btrymeter.cc:7:
/usr/include/bits/stdio2.h:54:35: note: '__snprintf_chk' output between 25 and 280 bytes into a destination of size 80
   54 |   return __builtin___snprintf_chk (__s, __n, __USE_FORTIFY_LEVEL - 1,
      |          ~~~~~~~~~~~~~~~~~~~~~~~~~^~~~~~~~~~~~~~~~~~~~~~~~~~~~~~~~~~~
   55 |                                    __glibc_objsize (__s), __fmt,
      |                                    ~~~~~~~~~~~~~~~~~~~~~~~~~~~~~
   56 |                                    __va_arg_pack ());
      |                                    ~~~~~~~~~~~~~~~~~
linux/btrymeter.cc:130:27: warning: '%s' directive output may be truncated writing 5 bytes into a region of size between 0 and 79 [-Wformat-truncation=]
  130 |       snprintf(f, 80, "%s/%s", dirname, "/type");
      |                           ^~            ~~~~~~~
In file included from /usr/include/stdio.h:900,
                 from /usr/include/c++/11/cstdio:42,
                 from /usr/include/c++/11/ext/string_conversions.h:43,
                 from /usr/include/c++/11/bits/basic_string.h:6608,
                 from /usr/include/c++/11/string:55,
                 from /usr/include/c++/11/bits/locale_classes.h:40,
                 from /usr/include/c++/11/bits/ios_base.h:41,
                 from /usr/include/c++/11/ios:42,
                 from /usr/include/c++/11/ostream:38,
                 from /usr/include/c++/11/iostream:39,
                 from ./Xrm.h:12,
                 from ./xwin.h:4,
                 from ./xosview.h:10,
                 from ./meter.h:10,
                 from ./fieldmeter.h:10,
                 from linux/btrymeter.h:10,
                 from linux/btrymeter.cc:7:
/usr/include/bits/stdio2.h:54:35: note: '__snprintf_chk' output between 7 and 86 bytes into a destination of size 80
   54 |   return __builtin___snprintf_chk (__s, __n, __USE_FORTIFY_LEVEL - 1,
      |          ~~~~~~~~~~~~~~~~~~~~~~~~~^~~~~~~~~~~~~~~~~~~~~~~~~~~~~~~~~~~
   55 |                                    __glibc_objsize (__s), __fmt,
      |                                    ~~~~~~~~~~~~~~~~~~~~~~~~~~~~~
   56 |                                    __va_arg_pack ());
      |                                    ~~~~~~~~~~~~~~~~~
In file included from /usr/include/string.h:519,
                 from ./xwin.h:5,
                 from ./xosview.h:10,
                 from ./meter.h:10,
                 from ./fieldmeter.h:10,
                 from ./fieldmeterdecay.h:19,
                 from ./fieldmetergraph.h:15,
                 from linux/cpumeter.h:10,
                 from linux/cpumeter.cc:7:
In function 'strncpy',
    inlined from 'CPUMeter::toUpper(char const*)' at linux/cpumeter.cc:330:10:
/usr/include/bits/string_fortified.h:95:34: warning: 'strncpy' specified bound 4096 equals destination size [-Wstringop-truncation]
   95 |   return __builtin___strncpy_chk (__dest, __src, __len,
      |          ~~~~~~~~~~~~~~~~~~~~~~~~^~~~~~~~~~~~~~~~~~~~~~
   96 |                                   __glibc_objsize (__dest));
      |                                   ~~~~~~~~~~~~~~~~~~~~~~~~~
In function 'strncpy',
    inlined from 'CPUMeter::toUpper(char const*)' at linux/cpumeter.cc:330:10,
    inlined from 'CPUMeter::CPUMeter(XOSView*, char const*)' at linux/cpumeter.cc:23:89:
/usr/include/bits/string_fortified.h:95:34: warning: 'strncpy' specified bound 4096 equals destination size [-Wstringop-truncation]
   95 |   return __builtin___strncpy_chk (__dest, __src, __len,
      |          ~~~~~~~~~~~~~~~~~~~~~~~~^~~~~~~~~~~~~~~~~~~~~~
   96 |                                   __glibc_objsize (__dest));
      |                                   ~~~~~~~~~~~~~~~~~~~~~~~~~
g++  -O2 -flto=auto -ffat-lto-objects -fexceptions -g -grecord-gcc-switches -pipe -Wall -Werror=format-security -Wp,-D_FORTIFY_SOURCE=2 -Wp,-D_GLIBCXX_ASSERTIONS -specs=/usr/lib/rpm/redhat/redhat-hardened-cc1 -fstack-protector-strong -specs=/usr/lib/rpm/redhat/redhat-annobin-cc1  -m64 -march=x86-64-v2 -mtune=generic -fasynchronous-unwind-tables -fstack-clash-protection -fcf-protection -I. -MMD -Ilinux/  -c -o linux/diskmeter.o linux/diskmeter.cc
g++  -O2 -flto=auto -ffat-lto-objects -fexceptions -g -grecord-gcc-switches -pipe -Wall -Werror=format-security -Wp,-D_FORTIFY_SOURCE=2 -Wp,-D_GLIBCXX_ASSERTIONS -specs=/usr/lib/rpm/redhat/redhat-hardened-cc1 -fstack-protector-strong -specs=/usr/lib/rpm/redhat/redhat-annobin-cc1  -m64 -march=x86-64-v2 -mtune=generic -fasynchronous-unwind-tables -fstack-clash-protection -fcf-protection -I. -MMD -Ilinux/  -c -o linux/intmeter.o linux/intmeter.cc
g++  -O2 -flto=auto -ffat-lto-objects -fexceptions -g -grecord-gcc-switches -pipe -Wall -Werror=format-security -Wp,-D_FORTIFY_SOURCE=2 -Wp,-D_GLIBCXX_ASSERTIONS -specs=/usr/lib/rpm/redhat/redhat-hardened-cc1 -fstack-protector-strong -specs=/usr/lib/rpm/redhat/redhat-annobin-cc1  -m64 -march=x86-64-v2 -mtune=generic -fasynchronous-unwind-tables -fstack-clash-protection -fcf-protection -I. -MMD -Ilinux/  -c -o linux/intratemeter.o linux/intratemeter.cc
g++  -O2 -flto=auto -ffat-lto-objects -fexceptions -g -grecord-gcc-switches -pipe -Wall -Werror=format-security -Wp,-D_FORTIFY_SOURCE=2 -Wp,-D_GLIBCXX_ASSERTIONS -specs=/usr/lib/rpm/redhat/redhat-hardened-cc1 -fstack-protector-strong -specs=/usr/lib/rpm/redhat/redhat-annobin-cc1  -m64 -march=x86-64-v2 -mtune=generic -fasynchronous-unwind-tables -fstack-clash-protection -fcf-protection -I. -MMD -Ilinux/  -c -o linux/lmstemp.o linux/lmstemp.cc
g++  -O2 -flto=auto -ffat-lto-objects -fexceptions -g -grecord-gcc-switches -pipe -Wall -Werror=format-security -Wp,-D_FORTIFY_SOURCE=2 -Wp,-D_GLIBCXX_ASSERTIONS -specs=/usr/lib/rpm/redhat/redhat-hardened-cc1 -fstack-protector-strong -specs=/usr/lib/rpm/redhat/redhat-annobin-cc1  -m64 -march=x86-64-v2 -mtune=generic -fasynchronous-unwind-tables -fstack-clash-protection -fcf-protection -I. -MMD -Ilinux/  -c -o linux/loadmeter.o linux/loadmeter.cc
g++  -O2 -flto=auto -ffat-lto-objects -fexceptions -g -grecord-gcc-switches -pipe -Wall -Werror=format-security -Wp,-D_FORTIFY_SOURCE=2 -Wp,-D_GLIBCXX_ASSERTIONS -specs=/usr/lib/rpm/redhat/redhat-hardened-cc1 -fstack-protector-strong -specs=/usr/lib/rpm/redhat/redhat-annobin-cc1  -m64 -march=x86-64-v2 -mtune=generic -fasynchronous-unwind-tables -fstack-clash-protection -fcf-protection -I. -MMD -Ilinux/  -c -o linux/memmeter.o linux/memmeter.cc
g++  -O2 -flto=auto -ffat-lto-objects -fexceptions -g -grecord-gcc-switches -pipe -Wall -Werror=format-security -Wp,-D_FORTIFY_SOURCE=2 -Wp,-D_GLIBCXX_ASSERTIONS -specs=/usr/lib/rpm/redhat/redhat-hardened-cc1 -fstack-protector-strong -specs=/usr/lib/rpm/redhat/redhat-annobin-cc1  -m64 -march=x86-64-v2 -mtune=generic -fasynchronous-unwind-tables -fstack-clash-protection -fcf-protection -I. -MMD -Ilinux/  -c -o linux/netmeter.o linux/netmeter.cc
g++  -O2 -flto=auto -ffat-lto-objects -fexceptions -g -grecord-gcc-switches -pipe -Wall -Werror=format-security -Wp,-D_FORTIFY_SOURCE=2 -Wp,-D_GLIBCXX_ASSERTIONS -specs=/usr/lib/rpm/redhat/redhat-hardened-cc1 -fstack-protector-strong -specs=/usr/lib/rpm/redhat/redhat-annobin-cc1  -m64 -march=x86-64-v2 -mtune=generic -fasynchronous-unwind-tables -fstack-clash-protection -fcf-protection -I. -MMD -Ilinux/  -c -o linux/nfsmeter.o linux/nfsmeter.cc
linux/nfsmeter.cc: In member function 'virtual void NFSDStats::checkevent()':
linux/nfsmeter.cc:96:5: warning: this 'if' clause does not guard... [-Wmisleading-indentation]
   96 |     if (t < 0)
      |     ^~
linux/nfsmeter.cc:99:9: note: ...this statement, but the latter is misleadingly indented as if it were guarded by the 'if'
   99 |         maxpackets_ = MAX(netcnt, calls) - _lastNetCnt;
      |         ^~~~~~~~~~~
linux/nfsmeter.cc: In member function 'virtual void NFSStats::checkevent()':
linux/nfsmeter.cc:178:5: warning: this 'if' clause does not guard... [-Wmisleading-indentation]
  178 |     if (t < 0)
      |     ^~
linux/nfsmeter.cc:181:9: note: ...this statement, but the latter is misleadingly indented as if it were guarded by the 'if'
  181 |         maxpackets_ = calls - _lastcalls;
      |         ^~~~~~~~~~~
linux/netmeter.cc: In member function 'NetMeter::getSysStats(unsigned long long&, unsigned long long&)':
linux/netmeter.cc:140:33: warning: '%s' directive output may be truncated writing up to 255 bytes into a region of size 113 [-Wformat-truncation=]
  140 |     snprintf(filename, 128, "%s/%s/statistics/rx_bytes", SYSCLASSNET, ent->d_name);
      |                                 ^~
In file included from /usr/include/stdio.h:900,
                 from /usr/include/c++/11/cstdio:42,
                 from /usr/include/c++/11/ext/string_conversions.h:43,
                 from /usr/include/c++/11/bits/basic_string.h:6608,
                 from /usr/include/c++/11/string:55,
                 from /usr/include/c++/11/bits/locale_classes.h:40,
                 from /usr/include/c++/11/bits/ios_base.h:41,
                 from /usr/include/c++/11/ios:42,
                 from /usr/include/c++/11/ostream:38,
                 from /usr/include/c++/11/iostream:39,
                 from ./Xrm.h:12,
                 from ./xwin.h:4,
                 from ./xosview.h:10,
                 from ./meter.h:10,
                 from ./fieldmeter.h:10,
                 from ./fieldmeterdecay.h:19,
                 from ./fieldmetergraph.h:15,
                 from linux/netmeter.h:10,
                 from linux/netmeter.cc:10:
/usr/include/bits/stdio2.h:54:35: note: '__snprintf_chk' output between 36 and 291 bytes into a destination of size 128
   54 |   return __builtin___snprintf_chk (__s, __n, __USE_FORTIFY_LEVEL - 1,
      |          ~~~~~~~~~~~~~~~~~~~~~~~~~^~~~~~~~~~~~~~~~~~~~~~~~~~~~~~~~~~~
   55 |                                    __glibc_objsize (__s), __fmt,
      |                                    ~~~~~~~~~~~~~~~~~~~~~~~~~~~~~
   56 |                                    __va_arg_pack ());
      |                                    ~~~~~~~~~~~~~~~~~
linux/netmeter.cc:143:33: warning: '%s' directive output may be truncated writing up to 255 bytes into a region of size 113 [-Wformat-truncation=]
  143 |     snprintf(filename, 128, "%s/%s/statistics/tx_bytes", SYSCLASSNET, ent->d_name);
      |                                 ^~
In file included from /usr/include/stdio.h:900,
                 from /usr/include/c++/11/cstdio:42,
                 from /usr/include/c++/11/ext/string_conversions.h:43,
                 from /usr/include/c++/11/bits/basic_string.h:6608,
                 from /usr/include/c++/11/string:55,
                 from /usr/include/c++/11/bits/locale_classes.h:40,
                 from /usr/include/c++/11/bits/ios_base.h:41,
                 from /usr/include/c++/11/ios:42,
                 from /usr/include/c++/11/ostream:38,
                 from /usr/include/c++/11/iostream:39,
                 from ./Xrm.h:12,
                 from ./xwin.h:4,
                 from ./xosview.h:10,
                 from ./meter.h:10,
                 from ./fieldmeter.h:10,
                 from ./fieldmeterdecay.h:19,
                 from ./fieldmetergraph.h:15,
                 from linux/netmeter.h:10,
                 from linux/netmeter.cc:10:
/usr/include/bits/stdio2.h:54:35: note: '__snprintf_chk' output between 36 and 291 bytes into a destination of size 128
   54 |   return __builtin___snprintf_chk (__s, __n, __USE_FORTIFY_LEVEL - 1,
      |          ~~~~~~~~~~~~~~~~~~~~~~~~~^~~~~~~~~~~~~~~~~~~~~~~~~~~~~~~~~~~
   55 |                                    __glibc_objsize (__s), __fmt,
      |                                    ~~~~~~~~~~~~~~~~~~~~~~~~~~~~~
   56 |                                    __va_arg_pack ());
      |                                    ~~~~~~~~~~~~~~~~~
g++  -O2 -flto=auto -ffat-lto-objects -fexceptions -g -grecord-gcc-switches -pipe -Wall -Werror=format-security -Wp,-D_FORTIFY_SOURCE=2 -Wp,-D_GLIBCXX_ASSERTIONS -specs=/usr/lib/rpm/redhat/redhat-hardened-cc1 -fstack-protector-strong -specs=/usr/lib/rpm/redhat/redhat-annobin-cc1  -m64 -march=x86-64-v2 -mtune=generic -fasynchronous-unwind-tables -fstack-clash-protection -fcf-protection -I. -MMD -Ilinux/  -c -o linux/pagemeter.o linux/pagemeter.cc
g++  -O2 -flto=auto -ffat-lto-objects -fexceptions -g -grecord-gcc-switches -pipe -Wall -Werror=format-security -Wp,-D_FORTIFY_SOURCE=2 -Wp,-D_GLIBCXX_ASSERTIONS -specs=/usr/lib/rpm/redhat/redhat-hardened-cc1 -fstack-protector-strong -specs=/usr/lib/rpm/redhat/redhat-annobin-cc1  -m64 -march=x86-64-v2 -mtune=generic -fasynchronous-unwind-tables -fstack-clash-protection -fcf-protection -I. -MMD -Ilinux/  -c -o linux/raidmeter.o linux/raidmeter.cc
g++  -O2 -flto=auto -ffat-lto-objects -fexceptions -g -grecord-gcc-switches -pipe -Wall -Werror=format-security -Wp,-D_FORTIFY_SOURCE=2 -Wp,-D_GLIBCXX_ASSERTIONS -specs=/usr/lib/rpm/redhat/redhat-hardened-cc1 -fstack-protector-strong -specs=/usr/lib/rpm/redhat/redhat-annobin-cc1  -m64 -march=x86-64-v2 -mtune=generic -fasynchronous-unwind-tables -fstack-clash-protection -fcf-protection -I. -MMD -Ilinux/  -c -o linux/serialmeter.o linux/serialmeter.cc
g++  -O2 -flto=auto -ffat-lto-objects -fexceptions -g -grecord-gcc-switches -pipe -Wall -Werror=format-security -Wp,-D_FORTIFY_SOURCE=2 -Wp,-D_GLIBCXX_ASSERTIONS -specs=/usr/lib/rpm/redhat/redhat-hardened-cc1 -fstack-protector-strong -specs=/usr/lib/rpm/redhat/redhat-annobin-cc1  -m64 -march=x86-64-v2 -mtune=generic -fasynchronous-unwind-tables -fstack-clash-protection -fcf-protection -I. -MMD -Ilinux/  -c -o linux/swapmeter.o linux/swapmeter.cc
g++  -O2 -flto=auto -ffat-lto-objects -fexceptions -g -grecord-gcc-switches -pipe -Wall -Werror=format-security -Wp,-D_FORTIFY_SOURCE=2 -Wp,-D_GLIBCXX_ASSERTIONS -specs=/usr/lib/rpm/redhat/redhat-hardened-cc1 -fstack-protector-strong -specs=/usr/lib/rpm/redhat/redhat-annobin-cc1  -m64 -march=x86-64-v2 -mtune=generic -fasynchronous-unwind-tables -fstack-clash-protection -fcf-protection -I. -MMD -Ilinux/  -c -o linux/wirelessmeter.o linux/wirelessmeter.cc
g++  -O2 -flto=auto -ffat-lto-objects -fexceptions -g -grecord-gcc-switches -pipe -Wall -Werror=format-security -Wp,-D_FORTIFY_SOURCE=2 -Wp,-D_GLIBCXX_ASSERTIONS -specs=/usr/lib/rpm/redhat/redhat-hardened-cc1 -fstack-protector-strong -specs=/usr/lib/rpm/redhat/redhat-annobin-cc1  -m64 -march=x86-64-v2 -mtune=generic -fasynchronous-unwind-tables -fstack-clash-protection -fcf-protection -I. -MMD -Ilinux/  -c -o linux/acpitemp.o linux/acpitemp.cc
g++  -O2 -flto=auto -ffat-lto-objects -fexceptions -g -grecord-gcc-switches -pipe -Wall -Werror=format-security -Wp,-D_FORTIFY_SOURCE=2 -Wp,-D_GLIBCXX_ASSERTIONS -specs=/usr/lib/rpm/redhat/redhat-hardened-cc1 -fstack-protector-strong -specs=/usr/lib/rpm/redhat/redhat-annobin-cc1  -m64 -march=x86-64-v2 -mtune=generic -fasynchronous-unwind-tables -fstack-clash-protection -fcf-protection -I. -MMD -Ilinux/  -c -o linux/coretemp.o linux/coretemp.cc
In file included from /usr/include/string.h:519,
                 from ./xwin.h:5,
                 from ./xosview.h:10,
                 from ./meter.h:10,
                 from ./fieldmeter.h:10,
                 from linux/acpitemp.h:15,
                 from linux/acpitemp.cc:12:
In function 'strncpy',
    inlined from 'ACPITemp::checkacpi(char const*, char const*)' at linux/acpitemp.cc:69:12:
/usr/include/bits/string_fortified.h:95:34: warning: 'strncpy' specified bound 128 equals destination size [-Wstringop-truncation]
   95 |   return __builtin___strncpy_chk (__dest, __src, __len,
      |          ~~~~~~~~~~~~~~~~~~~~~~~~^~~~~~~~~~~~~~~~~~~~~~
   96 |                                   __glibc_objsize (__dest));
      |                                   ~~~~~~~~~~~~~~~~~~~~~~~~~
In function 'strncpy',
    inlined from 'ACPITemp::checkacpi(char const*, char const*)' at linux/acpitemp.cc:70:12:
/usr/include/bits/string_fortified.h:95:34: warning: 'strncpy' specified bound 128 equals destination size [-Wstringop-truncation]
   95 |   return __builtin___strncpy_chk (__dest, __src, __len,
      |          ~~~~~~~~~~~~~~~~~~~~~~~~^~~~~~~~~~~~~~~~~~~~~~
   96 |                                   __glibc_objsize (__dest));
      |                                   ~~~~~~~~~~~~~~~~~~~~~~~~~
g++  -O2 -flto=auto -ffat-lto-objects -fexceptions -g -grecord-gcc-switches -pipe -Wall -Werror=format-security -Wp,-D_FORTIFY_SOURCE=2 -Wp,-D_GLIBCXX_ASSERTIONS -specs=/usr/lib/rpm/redhat/redhat-hardened-cc1 -fstack-protector-strong -specs=/usr/lib/rpm/redhat/redhat-annobin-cc1  -m64 -march=x86-64-v2 -mtune=generic -fasynchronous-unwind-tables -fstack-clash-protection -fcf-protection -I. -MMD -Ilinux/  -c -o defaultstring.o defaultstring.cc
linux/coretemp.cc: In function 'CoreTemp::countCpus()':
linux/coretemp.cc:367:32: warning: '%s' directive output may be truncated writing up to 255 bytes into a region of size 111 [-Wformat-truncation=]
  367 |     snprintf(s, PATH_SIZE, "%s/%s/name", SYS_HWMON, dent->d_name);
      |                                ^~
In file included from /usr/include/stdio.h:900,
                 from /usr/include/c++/11/cstdio:42,
                 from /usr/include/c++/11/ext/string_conversions.h:43,
                 from /usr/include/c++/11/bits/basic_string.h:6608,
                 from /usr/include/c++/11/string:55,
                 from /usr/include/c++/11/bits/locale_classes.h:40,
                 from /usr/include/c++/11/bits/ios_base.h:41,
                 from /usr/include/c++/11/ios:42,
                 from /usr/include/c++/11/ostream:38,
                 from /usr/include/c++/11/iostream:39,
                 from ./Xrm.h:12,
                 from ./xwin.h:4,
                 from ./xosview.h:10,
                 from ./meter.h:10,
                 from ./fieldmeter.h:10,
                 from linux/coretemp.h:14,
                 from linux/coretemp.cc:14:
/usr/include/bits/stdio2.h:54:35: note: '__snprintf_chk' output between 23 and 278 bytes into a destination of size 128
   54 |   return __builtin___snprintf_chk (__s, __n, __USE_FORTIFY_LEVEL - 1,
      |          ~~~~~~~~~~~~~~~~~~~~~~~~~^~~~~~~~~~~~~~~~~~~~~~~~~~~~~~~~~~~
   55 |                                    __glibc_objsize (__s), __fmt,
      |                                    ~~~~~~~~~~~~~~~~~~~~~~~~~~~~~
   56 |                                    __va_arg_pack ());
      |                                    ~~~~~~~~~~~~~~~~~
linux/coretemp.cc:370:34: warning: '%s' directive output may be truncated writing up to 255 bytes into a region of size 111 [-Wformat-truncation=]
  370 |       snprintf(s, PATH_SIZE, "%s/%s/device/name", SYS_HWMON, dent->d_name);
      |                                  ^~
In file included from /usr/include/stdio.h:900,
                 from /usr/include/c++/11/cstdio:42,
                 from /usr/include/c++/11/ext/string_conversions.h:43,
                 from /usr/include/c++/11/bits/basic_string.h:6608,
                 from /usr/include/c++/11/string:55,
                 from /usr/include/c++/11/bits/locale_classes.h:40,
                 from /usr/include/c++/11/bits/ios_base.h:41,
                 from /usr/include/c++/11/ios:42,
                 from /usr/include/c++/11/ostream:38,
                 from /usr/include/c++/11/iostream:39,
                 from ./Xrm.h:12,
                 from ./xwin.h:4,
                 from ./xosview.h:10,
                 from ./meter.h:10,
                 from ./fieldmeter.h:10,
                 from linux/coretemp.h:14,
                 from linux/coretemp.cc:14:
/usr/include/bits/stdio2.h:54:35: note: '__snprintf_chk' output between 30 and 285 bytes into a destination of size 128
   54 |   return __builtin___snprintf_chk (__s, __n, __USE_FORTIFY_LEVEL - 1,
      |          ~~~~~~~~~~~~~~~~~~~~~~~~~^~~~~~~~~~~~~~~~~~~~~~~~~~~~~~~~~~~
   55 |                                    __glibc_objsize (__s), __fmt,
      |                                    ~~~~~~~~~~~~~~~~~~~~~~~~~~~~~
   56 |                                    __va_arg_pack ());
      |                                    ~~~~~~~~~~~~~~~~~
linux/coretemp.cc: In function 'CoreTemp::countCores(unsigned int)':
linux/coretemp.cc:312:32: warning: '%s' directive output may be truncated writing up to 255 bytes into a region of size 111 [-Wformat-truncation=]
  312 |     snprintf(s, PATH_SIZE, "%s/%s/name", SYS_HWMON, dent->d_name);
      |                                ^~
In file included from /usr/include/stdio.h:900,
                 from /usr/include/c++/11/cstdio:42,
                 from /usr/include/c++/11/ext/string_conversions.h:43,
                 from /usr/include/c++/11/bits/basic_string.h:6608,
                 from /usr/include/c++/11/string:55,
                 from /usr/include/c++/11/bits/locale_classes.h:40,
                 from /usr/include/c++/11/bits/ios_base.h:41,
                 from /usr/include/c++/11/ios:42,
                 from /usr/include/c++/11/ostream:38,
                 from /usr/include/c++/11/iostream:39,
                 from ./Xrm.h:12,
                 from ./xwin.h:4,
                 from ./xosview.h:10,
                 from ./meter.h:10,
                 from ./fieldmeter.h:10,
                 from linux/coretemp.h:14,
                 from linux/coretemp.cc:14:
/usr/include/bits/stdio2.h:54:35: note: '__snprintf_chk' output between 23 and 278 bytes into a destination of size 128
   54 |   return __builtin___snprintf_chk (__s, __n, __USE_FORTIFY_LEVEL - 1,
      |          ~~~~~~~~~~~~~~~~~~~~~~~~~^~~~~~~~~~~~~~~~~~~~~~~~~~~~~~~~~~~
   55 |                                    __glibc_objsize (__s), __fmt,
      |                                    ~~~~~~~~~~~~~~~~~~~~~~~~~~~~~
   56 |                                    __va_arg_pack ());
      |                                    ~~~~~~~~~~~~~~~~~
linux/coretemp.cc:315:34: warning: '%s' directive output may be truncated writing up to 255 bytes into a region of size 111 [-Wformat-truncation=]
  315 |       snprintf(s, PATH_SIZE, "%s/%s/device/name", SYS_HWMON, dent->d_name);
      |                                  ^~
In file included from /usr/include/stdio.h:900,
                 from /usr/include/c++/11/cstdio:42,
                 from /usr/include/c++/11/ext/string_conversions.h:43,
                 from /usr/include/c++/11/bits/basic_string.h:6608,
                 from /usr/include/c++/11/string:55,
                 from /usr/include/c++/11/bits/locale_classes.h:40,
                 from /usr/include/c++/11/bits/ios_base.h:41,
                 from /usr/include/c++/11/ios:42,
                 from /usr/include/c++/11/ostream:38,
                 from /usr/include/c++/11/iostream:39,
                 from ./Xrm.h:12,
                 from ./xwin.h:4,
                 from ./xosview.h:10,
                 from ./meter.h:10,
                 from ./fieldmeter.h:10,
                 from linux/coretemp.h:14,
                 from linux/coretemp.cc:14:
/usr/include/bits/stdio2.h:54:35: note: '__snprintf_chk' output between 30 and 285 bytes into a destination of size 128
   54 |   return __builtin___snprintf_chk (__s, __n, __USE_FORTIFY_LEVEL - 1,
      |          ~~~~~~~~~~~~~~~~~~~~~~~~~^~~~~~~~~~~~~~~~~~~~~~~~~~~~~~~~~~~
   55 |                                    __glibc_objsize (__s), __fmt,
      |                                    ~~~~~~~~~~~~~~~~~~~~~~~~~~~~~
   56 |                                    __va_arg_pack ());
      |                                    ~~~~~~~~~~~~~~~~~
linux/coretemp.cc:325:36: warning: '%s' directive output may be truncated writing up to 255 bytes into a region of size 111 [-Wformat-truncation=]
  325 |         snprintf(s, PATH_SIZE, "%s/%s/temp*_input", SYS_HWMON, dent->d_name);
      |                                    ^~
In file included from /usr/include/stdio.h:900,
                 from /usr/include/c++/11/cstdio:42,
                 from /usr/include/c++/11/ext/string_conversions.h:43,
                 from /usr/include/c++/11/bits/basic_string.h:6608,
                 from /usr/include/c++/11/string:55,
                 from /usr/include/c++/11/bits/locale_classes.h:40,
                 from /usr/include/c++/11/bits/ios_base.h:41,
                 from /usr/include/c++/11/ios:42,
                 from /usr/include/c++/11/ostream:38,
                 from /usr/include/c++/11/iostream:39,
                 from ./Xrm.h:12,
                 from ./xwin.h:4,
                 from ./xosview.h:10,
                 from ./meter.h:10,
                 from ./fieldmeter.h:10,
                 from linux/coretemp.h:14,
                 from linux/coretemp.cc:14:
/usr/include/bits/stdio2.h:54:35: note: '__snprintf_chk' output between 30 and 285 bytes into a destination of size 128
   54 |   return __builtin___snprintf_chk (__s, __n, __USE_FORTIFY_LEVEL - 1,
      |          ~~~~~~~~~~~~~~~~~~~~~~~~~^~~~~~~~~~~~~~~~~~~~~~~~~~~~~~~~~~~
   55 |                                    __glibc_objsize (__s), __fmt,
      |                                    ~~~~~~~~~~~~~~~~~~~~~~~~~~~~~
   56 |                                    __va_arg_pack ());
      |                                    ~~~~~~~~~~~~~~~~~
linux/coretemp.cc:327:36: warning: '%s' directive output may be truncated writing up to 255 bytes into a region of size 111 [-Wformat-truncation=]
  327 |         snprintf(s, PATH_SIZE, "%s/%s/device/temp*_input", SYS_HWMON, dent->d_name);
      |                                    ^~
In file included from /usr/include/stdio.h:900,
                 from /usr/include/c++/11/cstdio:42,
                 from /usr/include/c++/11/ext/string_conversions.h:43,
                 from /usr/include/c++/11/bits/basic_string.h:6608,
                 from /usr/include/c++/11/string:55,
                 from /usr/include/c++/11/bits/locale_classes.h:40,
                 from /usr/include/c++/11/bits/ios_base.h:41,
                 from /usr/include/c++/11/ios:42,
                 from /usr/include/c++/11/ostream:38,
                 from /usr/include/c++/11/iostream:39,
                 from ./Xrm.h:12,
                 from ./xwin.h:4,
                 from ./xosview.h:10,
                 from ./meter.h:10,
                 from ./fieldmeter.h:10,
                 from linux/coretemp.h:14,
                 from linux/coretemp.cc:14:
/usr/include/bits/stdio2.h:54:35: note: '__snprintf_chk' output between 37 and 292 bytes into a destination of size 128
   54 |   return __builtin___snprintf_chk (__s, __n, __USE_FORTIFY_LEVEL - 1,
      |          ~~~~~~~~~~~~~~~~~~~~~~~~~^~~~~~~~~~~~~~~~~~~~~~~~~~~~~~~~~~~
   55 |                                    __glibc_objsize (__s), __fmt,
      |                                    ~~~~~~~~~~~~~~~~~~~~~~~~~~~~~
   56 |                                    __va_arg_pack ());
      |                                    ~~~~~~~~~~~~~~~~~
linux/coretemp.cc: In member function 'CoreTemp::findSysFiles()':
linux/coretemp.cc:150:35: warning: '%s' directive output may be truncated writing up to 255 bytes into a region of size 111 [-Wformat-truncation=]
  150 |     snprintf(name, PATH_SIZE, "%s/%s/name", SYS_HWMON, dent->d_name);
      |                                   ^~
In file included from /usr/include/stdio.h:900,
                 from /usr/include/c++/11/cstdio:42,
                 from /usr/include/c++/11/ext/string_conversions.h:43,
                 from /usr/include/c++/11/bits/basic_string.h:6608,
                 from /usr/include/c++/11/string:55,
                 from /usr/include/c++/11/bits/locale_classes.h:40,
                 from /usr/include/c++/11/bits/ios_base.h:41,
                 from /usr/include/c++/11/ios:42,
                 from /usr/include/c++/11/ostream:38,
                 from /usr/include/c++/11/iostream:39,
                 from ./Xrm.h:12,
                 from ./xwin.h:4,
                 from ./xosview.h:10,
                 from ./meter.h:10,
                 from ./fieldmeter.h:10,
                 from linux/coretemp.h:14,
                 from linux/coretemp.cc:14:
/usr/include/bits/stdio2.h:54:35: note: '__snprintf_chk' output between 23 and 278 bytes into a destination of size 128
   54 |   return __builtin___snprintf_chk (__s, __n, __USE_FORTIFY_LEVEL - 1,
      |          ~~~~~~~~~~~~~~~~~~~~~~~~~^~~~~~~~~~~~~~~~~~~~~~~~~~~~~~~~~~~
   55 |                                    __glibc_objsize (__s), __fmt,
      |                                    ~~~~~~~~~~~~~~~~~~~~~~~~~~~~~
   56 |                                    __va_arg_pack ());
      |                                    ~~~~~~~~~~~~~~~~~
linux/coretemp.cc:154:37: warning: '%s' directive output may be truncated writing up to 255 bytes into a region of size 111 [-Wformat-truncation=]
  154 |       snprintf(name, PATH_SIZE, "%s/%s/device/name", SYS_HWMON, dent->d_name);
      |                                     ^~
In file included from /usr/include/stdio.h:900,
                 from /usr/include/c++/11/cstdio:42,
                 from /usr/include/c++/11/ext/string_conversions.h:43,
                 from /usr/include/c++/11/bits/basic_string.h:6608,
                 from /usr/include/c++/11/string:55,
                 from /usr/include/c++/11/bits/locale_classes.h:40,
                 from /usr/include/c++/11/bits/ios_base.h:41,
                 from /usr/include/c++/11/ios:42,
                 from /usr/include/c++/11/ostream:38,
                 from /usr/include/c++/11/iostream:39,
                 from ./Xrm.h:12,
                 from ./xwin.h:4,
                 from ./xosview.h:10,
                 from ./meter.h:10,
                 from ./fieldmeter.h:10,
                 from linux/coretemp.h:14,
                 from linux/coretemp.cc:14:
/usr/include/bits/stdio2.h:54:35: note: '__snprintf_chk' output between 30 and 285 bytes into a destination of size 128
   54 |   return __builtin___snprintf_chk (__s, __n, __USE_FORTIFY_LEVEL - 1,
      |          ~~~~~~~~~~~~~~~~~~~~~~~~~^~~~~~~~~~~~~~~~~~~~~~~~~~~~~~~~~~~
   55 |                                    __glibc_objsize (__s), __fmt,
      |                                    ~~~~~~~~~~~~~~~~~~~~~~~~~~~~~
   56 |                                    __va_arg_pack ());
      |                                    ~~~~~~~~~~~~~~~~~
linux/coretemp.cc:179:39: warning: '%s' directive output may be truncated writing up to 255 bytes into a region of size 111 [-Wformat-truncation=]
  179 |         snprintf(name, PATH_SIZE, "%s/%s/temp%d_input",
      |                                       ^~
linux/coretemp.cc:179:35: note: directive argument in the range [1, 2147483647]
  179 |         snprintf(name, PATH_SIZE, "%s/%s/temp%d_input",
      |                                   ^~~~~~~~~~~~~~~~~~~~
In file included from /usr/include/stdio.h:900,
                 from /usr/include/c++/11/cstdio:42,
                 from /usr/include/c++/11/ext/string_conversions.h:43,
                 from /usr/include/c++/11/bits/basic_string.h:6608,
                 from /usr/include/c++/11/string:55,
                 from /usr/include/c++/11/bits/locale_classes.h:40,
                 from /usr/include/c++/11/bits/ios_base.h:41,
                 from /usr/include/c++/11/ios:42,
                 from /usr/include/c++/11/ostream:38,
                 from /usr/include/c++/11/iostream:39,
                 from ./Xrm.h:12,
                 from ./xwin.h:4,
                 from ./xosview.h:10,
                 from ./meter.h:10,
                 from ./fieldmeter.h:10,
                 from linux/coretemp.h:14,
                 from linux/coretemp.cc:14:
/usr/include/bits/stdio2.h:54:35: note: '__snprintf_chk' output between 30 and 294 bytes into a destination of size 128
   54 |   return __builtin___snprintf_chk (__s, __n, __USE_FORTIFY_LEVEL - 1,
      |          ~~~~~~~~~~~~~~~~~~~~~~~~~^~~~~~~~~~~~~~~~~~~~~~~~~~~~~~~~~~~
   55 |                                    __glibc_objsize (__s), __fmt,
      |                                    ~~~~~~~~~~~~~~~~~~~~~~~~~~~~~
   56 |                                    __va_arg_pack ());
      |                                    ~~~~~~~~~~~~~~~~~
linux/coretemp.cc:182:41: warning: '%s' directive output may be truncated writing up to 255 bytes into a region of size 111 [-Wformat-truncation=]
  182 |           snprintf(name, PATH_SIZE, "%s/%s/device/temp%d_input",
      |                                         ^~
linux/coretemp.cc:182:37: note: using the range [-2147483648, 2147483647] for directive argument
  182 |           snprintf(name, PATH_SIZE, "%s/%s/device/temp%d_input",
      |                                     ^~~~~~~~~~~~~~~~~~~~~~~~~~~
In file included from /usr/include/stdio.h:900,
                 from /usr/include/c++/11/cstdio:42,
                 from /usr/include/c++/11/ext/string_conversions.h:43,
                 from /usr/include/c++/11/bits/basic_string.h:6608,
                 from /usr/include/c++/11/string:55,
                 from /usr/include/c++/11/bits/locale_classes.h:40,
                 from /usr/include/c++/11/bits/ios_base.h:41,
                 from /usr/include/c++/11/ios:42,
                 from /usr/include/c++/11/ostream:38,
                 from /usr/include/c++/11/iostream:39,
                 from ./Xrm.h:12,
                 from ./xwin.h:4,
                 from ./xosview.h:10,
                 from ./meter.h:10,
                 from ./fieldmeter.h:10,
                 from linux/coretemp.h:14,
                 from linux/coretemp.cc:14:
/usr/include/bits/stdio2.h:54:35: note: '__snprintf_chk' output between 37 and 302 bytes into a destination of size 128
   54 |   return __builtin___snprintf_chk (__s, __n, __USE_FORTIFY_LEVEL - 1,
      |          ~~~~~~~~~~~~~~~~~~~~~~~~~^~~~~~~~~~~~~~~~~~~~~~~~~~~~~~~~~~~
   55 |                                    __glibc_objsize (__s), __fmt,
      |                                    ~~~~~~~~~~~~~~~~~~~~~~~~~~~~~
   56 |                                    __va_arg_pack ());
      |                                    ~~~~~~~~~~~~~~~~~
linux/coretemp.cc:170:41: warning: '%s' directive output may be truncated writing up to 255 bytes into a region of size 111 [-Wformat-truncation=]
  170 |           snprintf(name, PATH_SIZE, "%s/%s/temp%d_input",
      |                                         ^~
linux/coretemp.cc:170:37: note: using the range [-2147483648, 2147483647] for directive argument
  170 |           snprintf(name, PATH_SIZE, "%s/%s/temp%d_input",
      |                                     ^~~~~~~~~~~~~~~~~~~~
In file included from /usr/include/stdio.h:900,
                 from /usr/include/c++/11/cstdio:42,
                 from /usr/include/c++/11/ext/string_conversions.h:43,
                 from /usr/include/c++/11/bits/basic_string.h:6608,
                 from /usr/include/c++/11/string:55,
                 from /usr/include/c++/11/bits/locale_classes.h:40,
                 from /usr/include/c++/11/bits/ios_base.h:41,
                 from /usr/include/c++/11/ios:42,
                 from /usr/include/c++/11/ostream:38,
                 from /usr/include/c++/11/iostream:39,
                 from ./Xrm.h:12,
                 from ./xwin.h:4,
                 from ./xosview.h:10,
                 from ./meter.h:10,
                 from ./fieldmeter.h:10,
                 from linux/coretemp.h:14,
                 from linux/coretemp.cc:14:
/usr/include/bits/stdio2.h:54:35: note: '__snprintf_chk' output between 30 and 295 bytes into a destination of size 128
   54 |   return __builtin___snprintf_chk (__s, __n, __USE_FORTIFY_LEVEL - 1,
      |          ~~~~~~~~~~~~~~~~~~~~~~~~~^~~~~~~~~~~~~~~~~~~~~~~~~~~~~~~~~~~
   55 |                                    __glibc_objsize (__s), __fmt,
      |                                    ~~~~~~~~~~~~~~~~~~~~~~~~~~~~~
   56 |                                    __va_arg_pack ());
      |                                    ~~~~~~~~~~~~~~~~~
linux/coretemp.cc:173:43: warning: '%s' directive output may be truncated writing up to 255 bytes into a region of size 111 [-Wformat-truncation=]
  173 |             snprintf(name, PATH_SIZE, "%s/%s/device/temp%d_input",
      |                                           ^~
linux/coretemp.cc:173:39: note: using the range [-2147483648, 2147483647] for directive argument
  173 |             snprintf(name, PATH_SIZE, "%s/%s/device/temp%d_input",
      |                                       ^~~~~~~~~~~~~~~~~~~~~~~~~~~
In file included from /usr/include/stdio.h:900,
                 from /usr/include/c++/11/cstdio:42,
                 from /usr/include/c++/11/ext/string_conversions.h:43,
                 from /usr/include/c++/11/bits/basic_string.h:6608,
                 from /usr/include/c++/11/string:55,
                 from /usr/include/c++/11/bits/locale_classes.h:40,
                 from /usr/include/c++/11/bits/ios_base.h:41,
                 from /usr/include/c++/11/ios:42,
                 from /usr/include/c++/11/ostream:38,
                 from /usr/include/c++/11/iostream:39,
                 from ./Xrm.h:12,
                 from ./xwin.h:4,
                 from ./xosview.h:10,
                 from ./meter.h:10,
                 from ./fieldmeter.h:10,
                 from linux/coretemp.h:14,
                 from linux/coretemp.cc:14:
/usr/include/bits/stdio2.h:54:35: note: '__snprintf_chk' output between 37 and 302 bytes into a destination of size 128
   54 |   return __builtin___snprintf_chk (__s, __n, __USE_FORTIFY_LEVEL - 1,
      |          ~~~~~~~~~~~~~~~~~~~~~~~~~^~~~~~~~~~~~~~~~~~~~~~~~~~~~~~~~~~~
   55 |                                    __glibc_objsize (__s), __fmt,
      |                                    ~~~~~~~~~~~~~~~~~~~~~~~~~~~~~
   56 |                                    __va_arg_pack ());
      |                                    ~~~~~~~~~~~~~~~~~
g++  -o xosview Host.o Xrm.o bitfieldmeter.o bitmeter.o defaultstring.o fieldmeter.o fieldmeterdecay.o fieldmetergraph.o llist.o main.o meter.o xosview.o xwin.o sensorfieldmeter.o linux/MeterMaker.o linux/btrymeter.o linux/cpumeter.o linux/diskmeter.o linux/intmeter.o linux/intratemeter.o linux/lmstemp.o linux/loadmeter.o linux/memmeter.o linux/netmeter.o linux/nfsmeter.o linux/pagemeter.o linux/raidmeter.o linux/serialmeter.o linux/swapmeter.o linux/wirelessmeter.o linux/acpitemp.o linux/coretemp.o -lX11 -lXpm -lm
Xrm.cc:16:14: warning: 'defaultXResourceString' violates the C++ One Definition Rule [-Wodr]
   16 | extern char *defaultXResourceString;
      |              ^
defaultstring.cc:8:13: note: type 'const char' should match type 'char'
    8 | const char *defaultXResourceString = "xosview*captions:           True\n\
      |             ^
defaultstring.cc:8:13: note: 'defaultXResourceString' was previously declared here
lto-wrapper: warning: using serial compilation of 3 LTRANS jobs
+ RPM_EC=0
++ jobs -p
+ exit 0
Executing(%install): /bin/sh -e /var/tmp/rpm-tmp.221q4X
+ umask 022
+ cd /builddir/build/BUILD
+ '[' /builddir/build/BUILDROOT/xosview-1.23-2.el9.x86_64 '!=' / ']'
+ rm -rf /builddir/build/BUILDROOT/xosview-1.23-2.el9.x86_64
++ dirname /builddir/build/BUILDROOT/xosview-1.23-2.el9.x86_64
+ mkdir -p /builddir/build/BUILDROOT
+ mkdir /builddir/build/BUILDROOT/xosview-1.23-2.el9.x86_64
+ cd xosview-1.23
+ make install PREFIX=/builddir/build/BUILDROOT/xosview-1.23-2.el9.x86_64/usr 'INSTALL=install -p'
install -p -d /builddir/build/BUILDROOT/xosview-1.23-2.el9.x86_64/usr/bin
install -p -d /builddir/build/BUILDROOT/xosview-1.23-2.el9.x86_64/usr/share/man/man1
install -p -d /builddir/build/BUILDROOT/xosview-1.23-2.el9.x86_64/usr/share/applications
install -p -d /builddir/build/BUILDROOT/xosview-1.23-2.el9.x86_64/usr/share/icons/hicolor/32x32/apps
install -p -m 755 xosview /builddir/build/BUILDROOT/xosview-1.23-2.el9.x86_64/usr/bin/xosview
install -p -m 644 xosview.1 /builddir/build/BUILDROOT/xosview-1.23-2.el9.x86_64/usr/share/man/man1/xosview.1
install -p -m 644 xosview.desktop /builddir/build/BUILDROOT/xosview-1.23-2.el9.x86_64/usr/share/applications
install -p -m 644 xosview.png /builddir/build/BUILDROOT/xosview-1.23-2.el9.x86_64/usr/share/icons/hicolor/32x32/apps
+ install -p -m 0644 -D Xdefaults /builddir/build/BUILDROOT/xosview-1.23-2.el9.x86_64/usr/share/X11/app-defaults/XOsview
+ desktop-file-validate /builddir/build/BUILDROOT/xosview-1.23-2.el9.x86_64/usr/share/applications/xosview.desktop
+ /usr/bin/find-debuginfo -j2 --strict-build-id -m -i --build-id-seed 1.23-2.el9 --unique-debug-suffix -1.23-2.el9.x86_64 --unique-debug-src-base xosview-1.23-2.el9.x86_64 --run-dwz --dwz-low-mem-die-limit 10000000 --dwz-max-die-limit 110000000 --remove-section .gnu.build.attributes -S debugsourcefiles.list /builddir/build/BUILD/xosview-1.23
extracting debug info from /builddir/build/BUILDROOT/xosview-1.23-2.el9.x86_64/usr/bin/xosview
original debug info size: 2304kB, size after compression: 1764kB
/usr/bin/sepdebugcrcfix: Updated 1 CRC32s, 0 CRC32s did match.
510 blocks
+ /usr/lib/rpm/check-buildroot
+ /usr/lib/rpm/redhat/brp-ldconfig
+ /usr/lib/rpm/brp-compress
+ /usr/lib/rpm/redhat/brp-strip-lto /usr/bin/strip
+ /usr/lib/rpm/brp-strip-static-archive /usr/bin/strip
+ /usr/lib/rpm/redhat/brp-python-bytecompile '' 1 0
+ /usr/lib/rpm/brp-python-hardlink
+ /usr/lib/rpm/redhat/brp-mangle-shebangs
Processing files: xosview-1.23-2.el9.x86_64
Executing(%doc): /bin/sh -e /var/tmp/rpm-tmp.2zOLa5
+ umask 022
+ cd /builddir/build/BUILD
+ cd xosview-1.23
+ DOCDIR=/builddir/build/BUILDROOT/xosview-1.23-2.el9.x86_64/usr/share/doc/xosview
+ export LC_ALL=C
+ LC_ALL=C
+ export DOCDIR
+ /usr/bin/mkdir -p /builddir/build/BUILDROOT/xosview-1.23-2.el9.x86_64/usr/share/doc/xosview
+ cp -pr CHANGES /builddir/build/BUILDROOT/xosview-1.23-2.el9.x86_64/usr/share/doc/xosview
+ cp -pr README /builddir/build/BUILDROOT/xosview-1.23-2.el9.x86_64/usr/share/doc/xosview
+ cp -pr README.linux /builddir/build/BUILDROOT/xosview-1.23-2.el9.x86_64/usr/share/doc/xosview
+ cp -pr TODO /builddir/build/BUILDROOT/xosview-1.23-2.el9.x86_64/usr/share/doc/xosview
+ cp -pr Xdefaults /builddir/build/BUILDROOT/xosview-1.23-2.el9.x86_64/usr/share/doc/xosview
+ RPM_EC=0
++ jobs -p
+ exit 0
Executing(%license): /bin/sh -e /var/tmp/rpm-tmp.qwIN3q
+ umask 022
+ cd /builddir/build/BUILD
+ cd xosview-1.23
+ LICENSEDIR=/builddir/build/BUILDROOT/xosview-1.23-2.el9.x86_64/usr/share/licenses/xosview
+ export LC_ALL=C
+ LC_ALL=C
+ export LICENSEDIR
+ /usr/bin/mkdir -p /builddir/build/BUILDROOT/xosview-1.23-2.el9.x86_64/usr/share/licenses/xosview
+ cp -pr COPYING /builddir/build/BUILDROOT/xosview-1.23-2.el9.x86_64/usr/share/licenses/xosview
+ cp -pr COPYING.GPL /builddir/build/BUILDROOT/xosview-1.23-2.el9.x86_64/usr/share/licenses/xosview
+ RPM_EC=0
++ jobs -p
+ exit 0
Provides: application() application(xosview.desktop) xosview = 1.23-2.el9 xosview(x86-64) = 1.23-2.el9
Requires(rpmlib): rpmlib(CompressedFileNames) <= 3.0.4-1 rpmlib(FileDigests) <= 4.6.0-1 rpmlib(PayloadFilesHavePrefix) <= 4.0-1
Requires: libX11.so.6()(64bit) libXpm.so.4()(64bit) libc.so.6()(64bit) libc.so.6(GLIBC_2.14)(64bit) libc.so.6(GLIBC_2.2.5)(64bit) libc.so.6(GLIBC_2.27)(64bit) libc.so.6(GLIBC_2.3.4)(64bit) libc.so.6(GLIBC_2.33)(64bit) libc.so.6(GLIBC_2.34)(64bit) libc.so.6(GLIBC_2.4)(64bit) libc.so.6(GLIBC_2.7)(64bit) libgcc_s.so.1()(64bit) libgcc_s.so.1(GCC_3.0)(64bit) libgcc_s.so.1(GCC_3.3.1)(64bit) libm.so.6()(64bit) libm.so.6(GLIBC_2.2.5)(64bit) libm.so.6(GLIBC_2.29)(64bit) libstdc++.so.6()(64bit) libstdc++.so.6(CXXABI_1.3)(64bit) libstdc++.so.6(CXXABI_1.3.8)(64bit) libstdc++.so.6(CXXABI_1.3.9)(64bit) libstdc++.so.6(GLIBCXX_3.4)(64bit) libstdc++.so.6(GLIBCXX_3.4.11)(64bit) libstdc++.so.6(GLIBCXX_3.4.20)(64bit) libstdc++.so.6(GLIBCXX_3.4.21)(64bit) libstdc++.so.6(GLIBCXX_3.4.29)(64bit) libstdc++.so.6(GLIBCXX_3.4.9)(64bit) rtld(GNU_HASH)
Processing files: xosview-debugsource-1.23-2.el9.x86_64
Provides: xosview-debugsource = 1.23-2.el9 xosview-debugsource(x86-64) = 1.23-2.el9
Requires(rpmlib): rpmlib(CompressedFileNames) <= 3.0.4-1 rpmlib(FileDigests) <= 4.6.0-1 rpmlib(PayloadFilesHavePrefix) <= 4.0-1
Processing files: xosview-debuginfo-1.23-2.el9.x86_64
Provides: debuginfo(build-id) = 47593c8de2ad1cffbdbc4ae03c030bd7243a9124 xosview-debuginfo = 1.23-2.el9 xosview-debuginfo(x86-64) = 1.23-2.el9
Requires(rpmlib): rpmlib(CompressedFileNames) <= 3.0.4-1 rpmlib(FileDigests) <= 4.6.0-1 rpmlib(PayloadFilesHavePrefix) <= 4.0-1
Recommends: xosview-debugsource(x86-64) = 1.23-2.el9
Checking for unpackaged file(s): /usr/lib/rpm/check-files /builddir/build/BUILDROOT/xosview-1.23-2.el9.x86_64
Wrote: /builddir/build/RPMS/xosview-1.23-2.el9.x86_64.rpm
Wrote: /builddir/build/RPMS/xosview-debugsource-1.23-2.el9.x86_64.rpm
Wrote: /builddir/build/RPMS/xosview-debuginfo-1.23-2.el9.x86_64.rpm
Child return code was: 0
