CPU info:
Architecture:                         x86_64
CPU op-mode(s):                       32-bit, 64-bit
Address sizes:                        39 bits physical, 48 bits virtual
Byte Order:                           Little Endian
CPU(s):                               2
On-line CPU(s) list:                  0,1
Vendor ID:                            GenuineIntel
BIOS Vendor ID:                       QEMU
Model name:                           Intel(R) N100
BIOS Model name:                      pc-q35-8.2
CPU family:                           6
Model:                                190
Thread(s) per core:                   1
Core(s) per socket:                   1
Socket(s):                            2
Stepping:                             0
BogoMIPS:                             1612.80
Flags:                                fpu vme de pse tsc msr pae mce cx8 apic sep mtrr pge mca cmov pat pse36 clflush mmx fxsr sse sse2 ss syscall nx pdpe1gb rdtscp lm constant_tsc arch_perfmon rep_good nopl xtopology cpuid tsc_known_freq pni pclmulqdq vmx ssse3 fma cx16 pdcm sse4_1 sse4_2 x2apic movbe popcnt tsc_deadline_timer aes xsave avx f16c rdrand hypervisor lahf_lm abm 3dnowprefetch cpuid_fault ssbd ibrs ibpb stibp ibrs_enhanced tpr_shadow flexpriority ept vpid ept_ad fsgsbase tsc_adjust bmi1 avx2 smep bmi2 erms invpcid rdseed adx smap clflushopt clwb sha_ni xsaveopt xsavec xgetbv1 xsaves avx_vnni arat vnmi umip pku ospke waitpkg gfni vaes vpclmulqdq rdpid movdiri movdir64b fsrm md_clear serialize flush_l1d arch_capabilities
Virtualization:                       VT-x
Hypervisor vendor:                    KVM
Virtualization type:                  full
L1d cache:                            64 KiB (2 instances)
L1i cache:                            64 KiB (2 instances)
L2 cache:                             8 MiB (2 instances)
L3 cache:                             32 MiB (2 instances)
NUMA node(s):                         2
NUMA node0 CPU(s):                    0
NUMA node1 CPU(s):                    1
Vulnerability Gather data sampling:   Not affected
Vulnerability Itlb multihit:          Not affected
Vulnerability L1tf:                   Not affected
Vulnerability Mds:                    Not affected
Vulnerability Meltdown:               Not affected
Vulnerability Mmio stale data:        Not affected
Vulnerability Reg file data sampling: Vulnerable: No microcode
Vulnerability Retbleed:               Not affected
Vulnerability Spec rstack overflow:   Not affected
Vulnerability Spec store bypass:      Mitigation; Speculative Store Bypass disabled via prctl
Vulnerability Spectre v1:             Mitigation; usercopy/swapgs barriers and __user pointer sanitization
Vulnerability Spectre v2:             Mitigation; Enhanced / Automatic IBRS; IBPB conditional; RSB filling; PBRSB-eIBRS Not affected; BHI SW loop, KVM SW loop
Vulnerability Srbds:                  Not affected
Vulnerability Tsx async abort:        Not affected


Memory:
               total        used        free      shared  buff/cache   available
Mem:           1.7Gi       623Mi       628Mi        15Mi       772Mi       1.1Gi
Swap:          3.9Gi        19Mi       3.9Gi


Storage (chroot, cache_topdir):
Filesystem     Type  Size  Used Avail Use% Mounted on
/dev/vda3      xfs    49G  7.7G   41G  16% /
/dev/vda3      xfs    49G  7.7G   41G  16% /
