gpg-pubkey-b86b3716-61e69f29 1642503977 0 (none) installed
libgcc-11.5.0-5.el9_5.alma.1.x86_64 1739359400 198764 2798ac7dfef4cfc5e9cffdda34f1b6f2 installed
rust-srpm-macros-17-4.el9.noarch 1644579138 2447 c2a61f5735180ef25a79ba4139c049e5 installed
qt5-srpm-macros-5.15.9-1.el9.noarch 1695786489 492 f4b8798dffd67a149ba9546ee98890d3 installed
perl-srpm-macros-1-41.el9.noarch 1648211262 862 a7d1dd3647ab0baaf9374cd04d138efc installed
openblas-srpm-macros-2-11.el9.noarch 1644518888 104 ab6a0d86bdb28cb3845fc9275bff6d04 installed
ocaml-srpm-macros-6-6.el9.noarch 1645006823 745 c02264f1ab836473c0a0ac36c2b69d11 installed
ghc-srpm-macros-1.5.0-6.el9.noarch 1643558412 535 f1cf0b239c626086e43fc5b8bfdc8947 installed
tzdata-2025b-1.el9.noarch 1743392936 1664708 c72d65cfdac07037cf1e640d3a8f5011 installed
publicsuffix-list-dafsa-20210518-3.el9.noarch 1649930311 68815 9049001bc986a7b3edc7bfab7f32187f installed
pkgconf-m4-1.7.3-10.el9.noarch 1680812438 14187 d797f52d2d8f1726a55a11e521e32b5e installed
pcre2-syntax-10.40-6.el9.noarch 1727910892 234324 be0c82ff0f81fe9d5b19826b81fd360e installed
ncurses-base-6.2-10.20210508.el9.noarch 1695782478 307293 e76ab9d464fd0617d39240bb50b60c20 installed
libssh-config-0.10.4-13.el9.noarch 1711996553 277 a809518b7fbead4f211c38eb24966193 installed
coreutils-common-8.32-39.el9.x86_64 1741783836 10880476 8092759fe4fce9ba4575f40e98ae1af8 installed
almalinux-gpg-keys-9.6-1.el9.x86_64 1747130507 3139 3df5c017f11b762de1a8ffb58abe6d0b installed
almalinux-release-9.6-1.el9.x86_64 1747130507 28299 2729178d8ef700ffc61a73142781eac8 installed
almalinux-repos-9.6-1.el9.x86_64 1747130507 10864 6f6dc6efb459f16e9b67e2ca49923eaa installed
setup-2.13.7-10.el9.noarch 1712168971 725932 d06854c9d05f32cd5221d209aecbbebc installed
filesystem-3.16-5.el9.x86_64 1727902829 106 83146689de3574b559045cdfa73e0322 installed
basesystem-11-13.el9.noarch 1643412490 0 5fb7306840ce1307c9450ace93a9a78a installed
glibc-gconv-extra-2.34-168.el9_6.20.x86_64 1751258815 8122908 9ec1c47b5db8306ea04f777cc545ff88 installed
ncurses-libs-6.2-10.20210508.el9.x86_64 1695783764 994359 106facf385b93a57145f2ac9f4ba3713 installed
glibc-2.34-168.el9_6.20.x86_64 1751258815 6417099 96ecd83896e436676b7de847d414b250 installed
bash-5.1.8-9.el9.x86_64 1714487592 7738730 abbcee9ad5f5b605c895928edf38a068 installed
glibc-common-2.34-168.el9_6.20.x86_64 1751258815 1081374 92930908cc198af0bf2e7de9905d3dcf installed
glibc-minimal-langpack-2.34-168.el9_6.20.x86_64 1751258815 0 86afd2bc1b6c5cdd4b0eb2f3c6c15257 installed
zlib-1.2.11-40.el9.x86_64 1695720125 202921 06ae87f547967cdb2d0cbe1a8f7a0a3b installed
xz-libs-5.2.5-8.el9_0.x86_64 1654677033 181589 26d1d44716e54a105e7083fedc4c3a18 installed
bzip2-libs-1.0.8-10.el9_5.x86_64 1738640559 78228 ea37d3845e84668b83dab7faeca6ff53 installed
libzstd-1.5.5-1.el9.x86_64 1741812953 773894 1455767d35300864d7120949dd275489 installed
elfutils-libelf-0.192-6.el9_6.x86_64 1750772285 1219968 0688f87c21c2c25062bd640faba8e57d installed
libstdc++-11.5.0-5.el9_5.alma.1.x86_64 1739359400 2537886 aa4330460321bb8b97fcb7fc3612113b installed
libxcrypt-4.4.18-3.el9.x86_64 1644465890 270724 03354b2659877cafec7273b5cd8f879c installed
libuuid-2.37.4-21.el9.x86_64 1741847371 38101 fc2a6addc6c8c84bb57bf225f8c5d8f6 installed
gmp-1:6.2.0-13.el9.x86_64 1696934960 816844 608294d7e89348908bf207387ecbfeca installed
libattr-2.5.1-3.el9.x86_64 1643373859 29445 7ce1bc0a98f4c0afd2d5d8576ca27133 installed
libacl-2.3.1-4.el9.x86_64 1712068496 40554 44d63db3c6ce866430e7149f4395278b installed
libcap-2.48-9.el9_2.x86_64 1694536969 177471 5a98e1e7897c9e7a9a2382be21fd93d4 installed
popt-1.18-8.el9.x86_64 1648240343 130376 d023c9ebf80dbada8fddb5a69471a0d9 installed
crypto-policies-20250128-1.git5269e22.el9.noarch 1741791449 91854 10cb45e82acee9c0794a0231ed399824 installed
libcom_err-1.46.5-7.el9.x86_64 1741791585 68505 c7af37006b48e5a3c32eccd17ad17106 installed
lz4-libs-1.9.3-5.el9.x86_64 1644481114 145515 8557c4f0d9c63e5ebf77dcfe4dd2e9fb installed
readline-8.1-4.el9.x86_64 1644541287 492924 f4f3a3fa47cf00c5f36937b73da28db1 installed
mpfr-4.1.0-7.el9.x86_64 1644492386 802595 667977b12c5e8614ecfbf50760fe8cea installed
dwz-0.14-3.el9.x86_64 1643506760 281782 310071f3954b03bf0952fe9ee9580dce installed
unzip-6.0-58.el9_5.x86_64 1742270022 399051 10ea30e61e74ebfe044aca5b6f035b81 installed
file-libs-5.39-16.el9.x86_64 1712147865 8086748 5d554261ecb32cd6dd1b368ba933c92e installed
file-5.39-16.el9.x86_64 1712147865 102664 4b083cdde473c635ee17e7541222f116 installed
sqlite-libs-3.34.1-7.el9_3.x86_64 1706137622 1310928 3d99f4ac17e624525ee5f1f5dfee15eb installed
alternatives-1.24-2.el9.x86_64 1741776228 63489 8d63bb71331fe18d4bdf778e74b9a20e installed
libcap-ng-0.8.2-7.el9.x86_64 1651425264 75196 b3b6c517f674b1a19c87a1561fd7e3c5 installed
audit-libs-3.1.5-4.el9.x86_64 1741788190 338481 2fb8f09497ce8daaefa917ba40bd1f5d installed
libsepol-3.6-2.el9.x86_64 1741827172 829339 65531a0476cd6d57265a0853d1d5f228 installed
libsigsegv-2.13-4.el9.x86_64 1644457015 50354 7012e4a7edf3bd5d99b21eec9fb21cff installed
gawk-5.1.0-6.el9.x86_64 1648679084 1685614 fcd814904c14563f0fb1b26cd5abf615 installed
libsmartcols-2.37.4-21.el9.x86_64 1741847371 134915 75ae5c03708d41fa8d0cc3b25094df47 installed
libtasn1-4.16.0-9.el9.x86_64 1741836662 183484 c0749dbea6abdb35cf3b4e996dce78ec installed
libunistring-0.9.10-15.el9.x86_64 1644462861 1643051 89974ee18eca0832a008f146ab722d15 installed
libidn2-2.3.0-7.el9.x86_64 1644440268 253476 1f6a3623b3f769250040f82e0df9b999 installed
lua-libs-5.4.4-4.el9.x86_64 1695752897 287355 2430d6b63b04055dcf0ed3068e801da9 installed
libpsl-0.21.1-5.el9.x86_64 1644463051 78616 05be8f6d2c29044a80d9cf9d816afd6d installed
zip-3.0-35.el9.x86_64 1680876147 741151 787c9da9cd41b68a952be641f5827845 installed
zstd-1.5.5-1.el9.x86_64 1741812953 1672821 e3dd3573e4e3d48fc9c58e38de7e06db installed
groff-base-1.22.4-10.el9.x86_64 1643712259 4040414 024f1564cc6f985c2b8fc4d025c4a995 installed
bzip2-1.0.8-10.el9_5.x86_64 1738640559 95088 691fa0a583158ab40287d13d676198d9 installed
libxml2-2.9.13-9.el9_6.x86_64 1742298799 1955388 74875a2b4f5c3a50dc76188386d012e4 installed
info-6.7-15.el9.x86_64 1651410735 508035 5406a0ac5f045ccb1e44a77efdeeb908 installed
ed-1.14.2-12.el9.x86_64 1643518920 129931 716717234d7de11268a70f0874a4defd installed
elfutils-default-yama-scope-0.192-6.el9_6.noarch 1750774247 1810 770f3ca0ca9456ebc72b1af04124a4b8 installed
elfutils-libs-0.192-6.el9_6.x86_64 1750772285 734917 4034b04b8ff893f950ba8ac2653e8cc9 installed
cpio-2.13-16.el9.x86_64 1643489457 1088179 20d7eb1219e79364f2b8f81bc0fe0a0c installed
diffutils-3.7-12.el9.x86_64 1643480107 1467897 0a64e40e363d5df18c64c2dead50f7d6 installed
gdbm-libs-1:1.23-1.el9.x86_64 1727905839 128586 0bb4c1349578acccd76882767dbc508d installed
json-c-0.14-11.el9.x86_64 1644568776 79042 e3bcf96305017ede260a388d95652a40 installed
keyutils-libs-1.6.3-1.el9.x86_64 1680722150 55267 7f796f310a80bc09e6a82f3c714391ae installed
libbrotli-1.0.9-7.el9_5.x86_64 1734433158 782506 5ca16e197897ee40cf864e8256f00e6b installed
libdb-5.3.28-57.el9_6.x86_64 1750774368 1897918 7bfc7fbf88113dac72b782fe2bd983a7 installed
libeconf-0.4.1-4.el9.x86_64 1727800838 45803 d025631029157ca95878a634a2a20242 installed
libffi-3.4.2-8.el9.x86_64 1695671656 65761 34887349d1d9f7578ffabc8273fa4558 installed
p11-kit-0.25.3-3.el9_5.x86_64 1734433414 2530659 f669c8a60fcc528927d11740ac83d798 installed
p11-kit-trust-0.25.3-3.el9_5.x86_64 1734433414 478116 110ab0919d992b7cd0fbb1842ec0ed40 installed
libgomp-11.5.0-5.el9_5.alma.1.x86_64 1739359400 421717 a3effea28fdd42ca040c011cfb17b324 installed
libgpg-error-1.42-5.el9.x86_64 1644449054 837064 e6b8dd1cf21caa5d740e91046442bf26 installed
libgcrypt-1.10.0-11.el9.x86_64 1727800986 1398402 7929dfb4e7f7c4b8e8d25280ab95b20e installed
libnghttp2-1.43.0-6.el9.x86_64 1727897096 169892 e91555b36e6b3283d51ad4a498e4c289 installed
libpkgconf-1.7.3-10.el9.x86_64 1680812823 75425 194e51b0918b18e12e00ab15c19ee38a installed
pkgconf-1.7.3-10.el9.x86_64 1680812823 77890 ab427b19d35afc539d12a6b9adf6d99d installed
pkgconf-pkg-config-1.7.3-10.el9.x86_64 1680812823 1203 203c2469cb0682808357931179d5324e installed
libtool-ltdl-2.4.6-46.el9.x86_64 1727804946 71568 b2b0c536c6641f5f9385b906d25a5cbb installed
libverto-0.3.2-3.el9.x86_64 1644467610 30381 7f11c70e36432c127987bfbe02b7bef0 installed
ncurses-6.2-10.20210508.el9.x86_64 1695783764 624692 94e71d962abf02048756bc1a61b4b088 installed
pcre-8.44-4.el9.x86_64 1727906000 537720 c545835f3e9dab2d0a1d5f8a1bef1897 installed
grep-3.6-5.el9.x86_64 1643660491 857864 a446fe7db66d7e8f0fcd097c20abd47c installed
xz-5.2.5-8.el9_0.x86_64 1654677033 685939 faecaee7f9cd46fec9def1b27acc08d2 installed
pcre2-10.40-6.el9.x86_64 1727906236 652282 38ce3ac9306548549c7da2643170fd51 installed
libselinux-3.6-3.el9.x86_64 1741822567 176845 c9caf74a5adc7055412dd44de15f5594 installed
sed-4.8-9.el9.x86_64 1644921382 813615 11204e2cc270a9dbcefd2b57361e1756 installed
findutils-1:4.8.0-7.el9.x86_64 1727903031 1757006 eb24fa02da2776029062c039b1a9fd87 installed
openssl-libs-1:3.2.2-6.el9_5.1.x86_64 1739310496 8784066 3134cef8a8375929bcc4f49b27fa31e4 installed
coreutils-8.32-39.el9.x86_64 1741783836 5986602 3ac06a4f75fb3aa1042f99637bfb2a4b installed
ca-certificates-2024.2.69_v8.0.303-91.4.el9_4.noarch 1724253902 2698659 88ba08461167ef58bbaac081f635de60 installed
libblkid-2.37.4-21.el9.x86_64 1741847371 229881 a98c3c96b868a755293c0cfac1667e52 installed
krb5-libs-1.21.1-8.el9_6.x86_64 1750768963 2503193 7cad7cb03398c4e083ed8d7f243ef248 installed
libmount-2.37.4-21.el9.x86_64 1741847371 318477 9cd1f5c4a0b47876b3efd033de94f7b8 installed
gzip-1.12-1.el9.x86_64 1665854720 377005 b5c23607ca0175f8586bb9f04bc0c094 installed
cracklib-2.9.6-27.el9.x86_64 1643491090 251890 ea2a45be2b7fcc294568cdfcf303a2f7 installed
systemd-libs-252-51.el9_6.1.alma.1.x86_64 1750769885 1814784 deb4ed7c50410aef84cd49b3c49aaf9b installed
libarchive-3.5.3-5.el9_6.x86_64 1750769309 906166 12c0bcac71701023eea3a83c097d12ff installed
util-linux-core-2.37.4-21.el9.x86_64 1741847371 1268495 4413ffb00ac55e42e657aaacbd1dfbfd installed
cracklib-dicts-2.9.6-27.el9.x86_64 1643491090 9815154 70cb82f78826244294e7adc4592f8d6a installed
cyrus-sasl-lib-2.1.27-21.el9.x86_64 1681135791 2380296 1e17f0e3e0b903cd332c0dd7ca7ae4a5 installed
libssh-0.10.4-13.el9.x86_64 1711996544 535747 1bc9c8a08a4ff4c1a086aa3f2e941acb installed
libfdisk-2.37.4-21.el9.x86_64 1741847371 367915 04771181bba866287fac954a8c5b5c76 installed
perl-Digest-1.19-4.el9.noarch 1644595375 36844 7698964c801c15b9e09af239d06d325a installed
perl-Digest-MD5-2.58-4.el9.x86_64 1644596344 61538 3d1d54ac6c6d2e660c60e1febe6ba812 installed
perl-B-0:1.80-481.el9.x86_64 1712154668 504555 5dd02e419aa0dbeeeeb74c0e975c9906 installed
perl-FileHandle-0:2.03-481.el9.noarch 1712154689 10529 4a8a70a26c5ebebd26bd9ca742f45680 installed
perl-Data-Dumper-2.174-462.el9.x86_64 1645021433 111885 af724cea7fa63c7ca7f3f01ec012a55e installed
perl-libnet-3.13-4.el9.noarch 1645018479 299357 dfe2b5d3f071eea602ade0b7715724fd installed
perl-AutoLoader-0:5.74-481.el9.noarch 1712154689 22037 2d658fbd0b034278c3df20c6cb42e4ae installed
perl-base-0:2.27-481.el9.noarch 1712154689 13819 4d8a923e7ad4fb16ded93a6045e847b7 installed
perl-URI-5.09-3.el9.noarch 1648214228 216915 7d631b61f4e7d1a59b7702853d439458 installed
perl-if-0:0.60.800-481.el9.noarch 1712154689 6874 b6883264da838e2376180ba99c14ee34 installed
perl-IO-Socket-IP-0.41-5.el9.noarch 1645012339 100240 bc34f266c7ab758d6f9f7051375473af installed
perl-Time-Local-2:1.300-7.el9.noarch 1650006587 67344 1a5c30f3e50f6d6dabf2364d4e1ceab7 installed
perl-File-Path-2.18-4.el9.noarch 1645015494 65333 5f5233277e7d003386aabf73ba2e3b00 installed
perl-IO-Socket-SSL-2.073-2.el9.noarch 1727930920 616300 70afb993476490ea51cc260cf59c7127 installed
perl-Net-SSLeay-1.94-1.el9.x86_64 1727907250 1520554 584674f192773228b294a565c4090fcd installed
perl-Pod-Escapes-1:1.07-460.el9.noarch 1644606541 25764 55b868e63af1b6b497c1275208cd17a7 installed
perl-Text-Tabs+Wrap-2013.0523-460.el9.noarch 1645014862 24828 a93eda6aa00df774344de75de3e7d620 installed
perl-Mozilla-CA-20200520-6.el9.noarch 1645008884 5866 a59b14886d99e10c61e0ebfe717e6a16 installed
perl-Class-Struct-0:0.66-481.el9.noarch 1712154689 26954 21da9fc63f7789d86aaf3477976bf500 installed
perl-POSIX-0:1.94-481.el9.x86_64 1712154668 240147 d48f27197a5aaf473101f20f73403880 installed
perl-Term-ANSIColor-5.01-461.el9.noarch 1644999613 100303 a51bca447e32088bddfcd4cf9de3355d installed
perl-IPC-Open3-0:1.21-481.el9.noarch 1712154689 25044 c1dc2e67fcc0cca7a0966016bd1843a6 installed
perl-subs-0:1.03-481.el9.noarch 1712154689 3060 2c6fbf177130f3e8bdd94ba4cda168f0 installed
perl-File-Temp-1:0.231.100-4.el9.noarch 1645005893 166550 231231e97dda4215e8fc63879bc29373 installed
perl-Term-Cap-1.17-460.el9.noarch 1644999857 29851 680f95980423f8af9d8deea43aeb38dd installed
perl-Pod-Simple-1:3.42-4.el9.noarch 1644595067 577293 59a0c9c7881c8c7595d69513738cf3a6 installed
perl-HTTP-Tiny-0.076-462.el9.noarch 1712162164 150675 89021a91b43720abc24e9bbcd3c34a78 installed
perl-Socket-4:2.031-4.el9.x86_64 1644596363 124985 70c1beb0d1a3fd1b63c4402c70498566 installed
perl-SelectSaver-0:1.02-481.el9.noarch 1712154689 3170 0d506867f76bd4f2079742697c16b748 installed
perl-Symbol-0:1.08-481.el9.noarch 1712154689 7846 fe3cdb064e6dba3f3078b51401e07742 installed
perl-File-stat-0:1.09-481.el9.noarch 1712154689 13948 25ddc229e460cf4ca709b0893d34e8cd installed
perl-podlators-1:4.14-460.el9.noarch 1648210257 288742 7635e181970fee0ec972edeb3640eb38 installed
perl-Pod-Perldoc-3.28.01-461.el9.noarch 1644882690 170960 3592c6f8ec5d262935747c142a2a0f4e installed
perl-Fcntl-0:1.13-481.el9.x86_64 1712154668 30227 e43641c53ebc7732cbc7cab5c79302bc installed
perl-Text-ParseWords-3.30-460.el9.noarch 1645008582 13101 95074ebfc08d2e7945b6a351107c6de0 installed
perl-mro-0:1.23-481.el9.x86_64 1712154668 43587 2f47c541d1bef1db4911fe912dbbd829 installed
perl-IO-0:1.43-481.el9.x86_64 1712154668 163239 884ba82173bff2dbe355fd592a714988 installed
perl-overloading-0:0.02-481.el9.noarch 1712154689 5893 bf8bc2c1f369cc26700e271193c76af5 installed
perl-Pod-Usage-4:2.01-4.el9.noarch 1644595290 87186 1c81d46cf49953bf17671509bb9f143b installed
perl-Errno-0:1.30-481.el9.x86_64 1712154668 9533 34cbdc0f1d80cab50541a773be5c4e98 installed
perl-File-Basename-0:2.85-481.el9.noarch 1712154689 15339 8bfdd715548bb896f9ebad6600e10978 installed
perl-Getopt-Std-0:1.12-481.el9.noarch 1712154689 12107 595740bfa260f0b633ff6514a65dd645 installed
perl-MIME-Base64-3.16-4.el9.x86_64 1645024373 48161 74c7445541edb6b812cb547cb1ed7001 installed
perl-Scalar-List-Utils-4:1.56-462.el9.x86_64 1727907500 143128 8c3fe3dd77a8774d31c4d063dfdd626f installed
perl-constant-1.33-461.el9.noarch 1645017554 27104 77ae4fa31b0e05c47722d3f42c3031f4 installed
perl-Storable-1:3.21-460.el9.x86_64 1644882355 228564 f1fe7637efd26378c700703de66084a9 installed
perl-overload-0:1.31-481.el9.noarch 1712154689 72821 21801558977d469ed76d9eed1b1dc99b installed
perl-parent-1:0.238-460.el9.noarch 1648236106 9535 313ca11d9438fd3b8857ebea09d52cbe installed
perl-vars-0:1.05-481.el9.noarch 1712154689 4926 b6ec9f02dd28c611c97c1578254b9af9 installed
perl-Getopt-Long-1:2.52-4.el9.noarch 1645006486 139937 91b70507061382352f5f8cea185952c4 installed
perl-Carp-1.50-460.el9.noarch 1644593358 47889 6ceb2511def761f84a2955e7f4213e02 installed
perl-Exporter-5.74-461.el9.noarch 1645012476 55359 e319d1821d7cff3db59f99d55552222b installed
perl-PathTools-3.78-461.el9.x86_64 1644596169 182550 980e6b8777939c540b2651d2b3395e3a installed
perl-Encode-4:3.08-462.el9.x86_64 1644597714 10240138 a7c4df5408a860802892b95def60a33d installed
perl-libs-4:5.32.1-481.el9.x86_64 1712154668 8958800 b2e71fd0eac5b0264b41117eaaf846a0 installed
perl-interpreter-4:5.32.1-481.el9.x86_64 1712154668 120204 dc147dc38b04794f2c62efe0341fb473 installed
kernel-srpm-macros-1.0-13.el9.noarch 1695781624 16918 c36198cf6a9831c95756ebf6e74d9bc3 installed
openssl-1:3.2.2-6.el9_5.1.x86_64 1739310496 2092394 37262536f751511a6d3f275a285e6cc4 installed
libpwquality-1.4.4-8.el9.x86_64 1644464254 416424 8887f61609c602b650ca3a7f5077bd71 installed
pam-1.5.1-25.el9_6.x86_64 1750782660 1902472 87781b7736ce2648bc28d5a0f4583f51 installed
libevent-2.1.12-8.el9_4.x86_64 1725362762 928090 1d07d5bf7396f9ff79545bb48bd60870 installed
libsemanage-3.6-5.el9_6.x86_64 1742298593 307182 a8cec69c4d60eb615422798b620da314 installed
shadow-utils-2:4.9-12.el9.x86_64 1741870214 3816837 cb843e280a2b510df3536da7e8b281c6 installed
libutempter-1.2.1-6.el9.x86_64 1644465610 59441 60d7a46e01fd1a708369f595c8fa9da6 installed
openldap-2.6.8-4.el9.x86_64 1741868893 1087281 15fc0b70aae1ee3a492cca80324ab36d installed
libcurl-7.76.1-31.el9.x86_64 1727894632 667622 9c8f26f28276ffed652af194912bc628 installed
elfutils-debuginfod-client-0.192-6.el9_6.x86_64 1750772285 81109 e414471e37ecf5b061220bebd8545034 installed
binutils-gold-2.35.2-63.el9.x86_64 1743415704 2128611 bc3633ec99909ccbb8a6f6d2fd6a167a installed
binutils-2.35.2-63.el9.x86_64 1743415704 25214942 eede97597416fb239b7cf4bd28f7aa5d installed
elfutils-0.192-6.el9_6.x86_64 1750772285 3068958 c475206c2a281ed85dcfe2412779b901 installed
gdb-minimal-14.2-4.1.el9_6.x86_64 1750774215 13956790 6b9361f2bc893c36ad84ea2e9aa3deb5 installed
debugedit-5.0-5.el9.x86_64 1712074155 193746 81b4b7f15b4150b428489f568355e0fa installed
curl-7.76.1-31.el9.x86_64 1727894632 684705 4243a18f266c4cf531787b9ac4828aee installed
rpm-libs-4.16.1.3-37.el9.x86_64 1741835840 769236 8e0a7e62b983008d138bce68713127df installed
rpm-4.16.1.3-37.el9.x86_64 1741835840 2750719 f6453641f8b9ca5ae5e8b2ec561cc9fc installed
efi-srpm-macros-6-2.el9_0.0.1.noarch 1654681491 41047 24377341663e5edc7ae76d72d8eb86a5 installed
lua-srpm-macros-1-6.el9.noarch 1644618813 1314 b1f6d12844b8255fa10d5275b52c0b21 installed
rpm-build-libs-4.16.1.3-37.el9.x86_64 1741835840 198542 d94dac42faba9ff2366b518760e1d496 installed
tar-2:1.34-7.el9.x86_64 1727904183 3155470 5337d1cb6ae0ea76d4b45fb874200dee installed
patch-2.7.6-16.el9.x86_64 1648222924 265546 096d27d7687081b72514957dc7e6131a installed
fonts-srpm-macros-1:2.0.5-7.el9.1.noarch 1644638356 56503 6849d7b20d8c28dacc459b454a78994d installed
go-srpm-macros-3.6.0-10.el9_6.noarch 1747164664 62484 81917ce9bff0a83c56bbdc50540f8e12 installed
python-srpm-macros-3.9-54.el9.noarch 1727786776 37605 ea12cc3242ebccb1c0ca386e7269d116 installed
redhat-rpm-config-209-1.el9.alma.1.noarch 1741703336 191570 bf2268430eacdfee11f3371720f883f9 installed
rpm-build-4.16.1.3-37.el9.x86_64 1741835840 150015 0e45e5c6e5b9d84a72514c37e77b4068 installed
pyproject-srpm-macros-1.16.2-1.el9.noarch 1741862780 1952 db50657b429acab41c2500d2993eca6b installed
util-linux-2.37.4-21.el9.x86_64 1741847371 11161670 a919db06ce9fa2d9f908192963be9ec8 installed
which-2.21-29.el9.x86_64 1695835962 81813 43ac8bab87d8916e5059805833063954 installed
libmpc-1.2.1-4.el9.x86_64 1644450029 138613 44b2c50f6fbf23200f9734200bb00a8e installed
xorg-x11-proto-devel-2024.1-1.el9.noarch 1727921143 1834640 49ed81d2f90fde858889a400ac977a2c installed
libXau-1.0.9-8.el9.x86_64 1644433437 64976 03e7ad77f1c31092c15ac39487123a44 installed
libxcb-1.13.1-9.el9.x86_64 1644465369 1124646 b5c9c15368d4b19cb01932b894d95211 installed
libICE-1.0.10-8.el9.x86_64 1644429752 174842 61519989c76556d0e09fba3d80e997cc installed
libSM-1.2.3-10.el9.x86_64 1644430389 95285 9fe28a12ad84195b88877cc09faaf8fd installed
libXau-devel-1.0.9-8.el9.x86_64 1644433437 6533 6eea1b282412ef96909a294f57d98c18 installed
libxcb-devel-1.13.1-9.el9.x86_64 1644465369 2718296 da9846d35a00f237ffd8f023220148cd installed
cpp-11.5.0-5.el9_5.alma.1.x86_64 1739359400 30643038 5cda4a69974f5f930dc373f4ca3a4b32 installed
libstdc++-devel-11.5.0-5.el9_5.alma.1.x86_64 1739359400 13578312 8a0d220ad41f068985386ac9e98f5128 installed
libX11-xcb-1.7.0-11.el9.x86_64 1741868186 15076 e2c069cf0f81726289cf61aecbfb4d00 installed
libX11-common-1.7.0-11.el9.noarch 1741871264 1335069 07ee0f67dea563f419fa51050f9e280c installed
libX11-1.7.0-11.el9.x86_64 1741868186 1355036 9bb3d11440198c8f38284d8821a5222a installed
libX11-devel-1.7.0-11.el9.x86_64 1741868186 1074662 6e6bdbe7721001b8356992c5b09f9812 installed
libXext-1.3.4-8.el9.x86_64 1644438125 95740 5be92926b068a2aaec5db46266fa2a4b installed
libXpm-3.5.13-10.el9.x86_64 1711996311 128512 c514746796207788dda42b456c0f0dbe installed
libXt-1.2.0-6.el9.x86_64 1644445026 453289 fb1f821206e143777380bf16f08a0a01 installed
kernel-headers-5.14.0-570.24.1.el9_6.x86_64 1751356551 6457779 131396dfbb80a7c1b4213aad9950ccf0 installed
glibc-headers-2.34-168.el9_6.20.x86_64 1751258815 2175967 19f61f9db20d40b453434225b3a39908 installed
libxcrypt-devel-4.4.18-3.el9.x86_64 1644465890 31019 70b117fa14e9563c49228c8f13c75eb1 installed
glibc-devel-2.34-168.el9_6.20.x86_64 1751258815 47536 09592268d689cb7cf5a447ea822edbe6 installed
emacs-filesystem-1:27.2-14.el9_6.2.noarch 1750771565 0 e1de2d03df2961ca20a5ba0bea5202e9 installed
nettle-3.10.1-1.el9.x86_64 1741845579 1169768 b7f8d6efcdf2bba548c76687bf30eb60 installed
gnutls-3.8.3-6.el9.x86_64 1741878546 3452733 0d165d5734f91472374cc4b99b88d9b9 installed
glib2-2.68.4-16.el9.x86_64 1741815609 13445166 49f05870461420792a6f0715212b51c4 installed
make-1:4.3-8.el9.x86_64 1712062509 1719678 dc40abc3cfe247dee48edd9c5db26369 installed
gcc-11.5.0-5.el9_5.alma.1.x86_64 1739359400 89843170 4ed71f9b4ce833484dd097f479a680cc installed
libedit-3.1-38.20210216cvs.el9.x86_64 1695670210 251847 891a9323e47966f6501c2cb603ad29be installed
llvm-libs-19.1.7-2.el9.x86_64 1742284333 117543996 a37b914ba7de2b4c02cd9bbbdbe2f548 installed
annobin-12.92-1.el9.x86_64 1741781010 1204483 5e31d5badaf600b7d7eda5a4f5256577 installed
gcc-c++-11.5.0-5.el9_5.alma.1.x86_64 1739359400 33802610 6ab3027ff7ee7729be7406227b508992 installed
gcc-plugin-annobin-11.5.0-5.el9_5.alma.1.x86_64 1739359400 57754 34a235231c2c554ccd3b1255357ef6f2 installed
desktop-file-utils-0.26-6.el9.x86_64 1665769405 252411 1b3cdc96ff2c16ff994f1dbd9bc5220a installed
libXpm-devel-3.5.13-10.el9.x86_64 1711996311 80110 aff1df370ad3c3822a158b415db85db1 installed
